./src/notes.tex:40: Missing } inserted.
<inserted text> 
                }
l.40 }
      
./src/notes.tex:40: Missing } inserted.
<inserted text> 
                }
l.40 }
      
./src/notes.tex:40: Undefined control sequence.
<argument> ...th } \alpha , \beta \in \, $\mathbb 
                                                  {C}$ \\ \ket {A} &= \bar \...
l.40 }
      
./src/notes.tex:40: Undefined control sequence.
\math@cr@@@ ...t@ {&\kern -\alignsep@ }\fi \next@ 
                                                  \cr 
l.40 }
      
./src/notes.tex:40: Missing { inserted.
<inserted text> 
                {
l.40 }
      
./src/notes.tex:40: Illegal unit of measure (pt inserted).
<to be read again> 
                   \relax 
l.40 }
      
./src/notes.tex:40: Missing { inserted.
<inserted text> 
                {
l.40 }
      
./src/notes.tex:46: Illegal unit of measure (pt inserted).
<to be read again> 
                   \relax 
l.46 \end{align*}
                 
./src/notes.tex:46: Illegal unit of measure (pt inserted).
<to be read again> 
                   \relax 
l.46 \end{align*}
                 
./src/notes.tex:46: Illegal unit of measure (pt inserted).
<to be read again> 
                   \relax 
l.46 \end{align*}
                 
./src/notes.tex:46: Illegal unit of measure (pt inserted).
<to be read again> 
                   \relax 
l.46 \end{align*}
                 
./src/notes.tex:46: Illegal unit of measure (pt inserted).
<to be read again> 
                   \relax 
l.46 \end{align*}
                 
./src/notes.tex:46: Illegal unit of measure (pt inserted).
<to be read again> 
                   \relax 
l.46 \end{align*}
                 
./src/notes.tex:53: Illegal unit of measure (pt inserted).
<to be read again> 
                   \relax 
l.53 \end{align*}
                 \\[0.5cm]
./src/notes.tex:53: Illegal unit of measure (pt inserted).
<to be read again> 
                   \relax 
l.53 \end{align*}
                 \\[0.5cm]
./src/notes.tex:53: Illegal unit of measure (pt inserted).
<to be read again> 
                   \relax 
l.53 \end{align*}
                 \\[0.5cm]
./src/notes.tex:53: Illegal unit of measure (pt inserted).
<to be read again> 
                   \relax 
l.53 \end{align*}
                 \\[0.5cm]
./src/notes.tex:53: Illegal unit of measure (pt inserted).
<to be read again> 
                   \relax 
l.53 \end{align*}
                 \\[0.5cm]
./src/notes.tex:53: Illegal unit of measure (pt inserted).
<to be read again> 
                   \relax 
l.53 \end{align*}
                 \\[0.5cm]

--
./src/notes.tex:57: Missing $ inserted.
<inserted text> 
                $
l.57 Gates & \bra0
                   & \bra1 & \bra- & \bra+ \\[0.5ex] \hline
./src/notes.tex:57: Extra }, or forgotten $.
<template> \unskip \hfil }
                          \hskip \tabcolsep \endtemplate 
l.57 Gates & \bra0 &
                     \bra1 & \bra- & \bra+ \\[0.5ex] \hline
./src/notes.tex:57: Missing $ inserted.
<inserted text> 
                $
l.57 Gates & \bra0 &
                     \bra1 & \bra- & \bra+ \\[0.5ex] \hline
./src/notes.tex:57: Missing } inserted.
<inserted text> 
                }
l.57 Gates & \bra0 &
                     \bra1 & \bra- & \bra+ \\[0.5ex] \hline
./src/notes.tex:57: Missing $ inserted.
<inserted text> 
                $
l.57 Gates & \bra0 & \bra1
                           & \bra- & \bra+ \\[0.5ex] \hline
./src/notes.tex:57: Extra }, or forgotten $.
<template> \unskip \hfil }
                          \hskip \tabcolsep \endtemplate 
l.57 Gates & \bra0 & \bra1 &
                             \bra- & \bra+ \\[0.5ex] \hline
./src/notes.tex:57: Missing $ inserted.
<inserted text> 
                $
l.57 Gates & \bra0 & \bra1 &
                             \bra- & \bra+ \\[0.5ex] \hline
./src/notes.tex:57: Missing } inserted.
<inserted text> 
                }
l.57 Gates & \bra0 & \bra1 &
                             \bra- & \bra+ \\[0.5ex] \hline
./src/notes.tex:57: Missing $ inserted.
<inserted text> 
                $
l.57 Gates & \bra0 & \bra1 & \bra-
                                   & \bra+ \\[0.5ex] \hline
./src/notes.tex:57: Extra }, or forgotten $.
<template> \unskip \hfil }
                          \hskip \tabcolsep \endtemplate 
l.57 Gates & \bra0 & \bra1 & \bra- &
                                     \bra+ \\[0.5ex] \hline
./src/notes.tex:57: Missing $ inserted.
<inserted text> 
                $
l.57 Gates & \bra0 & \bra1 & \bra- &
                                     \bra+ \\[0.5ex] \hline
./src/notes.tex:57: Missing } inserted.
<inserted text> 
                }
l.57 Gates & \bra0 & \bra1 & \bra- &
                                     \bra+ \\[0.5ex] \hline
./src/notes.tex:57: Missing $ inserted.
<inserted text> 
                $
l.57 Gates & \bra0 & \bra1 & \bra- & \bra+
                                           \\[0.5ex] \hline
./src/notes.tex:57: Extra }, or forgotten $.
<template> \unskip \hfil }
                          \hskip \tabcolsep \endtemplate 
l.57 ... & \bra0 & \bra1 & \bra- & \bra+ \\[0.5ex]
                                                   \hline
./src/notes.tex:57: Missing $ inserted.
<inserted text> 
                $
l.57 ... & \bra0 & \bra1 & \bra- & \bra+ \\[0.5ex]
                                                   \hline
./src/notes.tex:57: Missing } inserted.
<inserted text> 
                }
l.57 ... & \bra0 & \bra1 & \bra- & \bra+ \\[0.5ex]
                                                   \hline
./src/notes.tex:58: Missing $ inserted.
<inserted text> 
                $
l.58 \sigma
           _x & \bra1 & \bra0 & -\bra- & \bra+ \\[0.5ex]
./src/notes.tex:58: Extra }, or forgotten $.
<template> \unskip \hfil }
                          \hskip \tabcolsep \hskip -.5\arrayrulewidth \vrule...
l.58 \sigma_x &
                \bra1 & \bra0 & -\bra- & \bra+ \\[0.5ex]
./src/notes.tex:58: Missing $ inserted.
<inserted text> 
                $
l.58 \sigma_x &
                \bra1 & \bra0 & -\bra- & \bra+ \\[0.5ex]
./src/notes.tex:58: Missing } inserted.
<inserted text> 
                }
l.58 \sigma_x &
                \bra1 & \bra0 & -\bra- & \bra+ \\[0.5ex]
./src/notes.tex:58: Missing $ inserted.
<inserted text> 
                $
l.58 \sigma_x & \bra1
                      & \bra0 & -\bra- & \bra+ \\[0.5ex]
./src/notes.tex:58: Extra }, or forgotten $.
<template> \unskip \hfil }
                          \hskip \tabcolsep \endtemplate 
l.58 \sigma_x & \bra1 &
                        \bra0 & -\bra- & \bra+ \\[0.5ex]
./src/notes.tex:58: Missing $ inserted.
<inserted text> 
                $
l.58 \sigma_x & \bra1 &
                        \bra0 & -\bra- & \bra+ \\[0.5ex]
./src/notes.tex:58: Missing } inserted.
<inserted text> 
                }
l.58 \sigma_x & \bra1 &
                        \bra0 & -\bra- & \bra+ \\[0.5ex]
./src/notes.tex:58: Missing $ inserted.
<inserted text> 
                $
l.58 \sigma_x & \bra1 & \bra0
                              & -\bra- & \bra+ \\[0.5ex]
./src/notes.tex:58: Extra }, or forgotten $.
<template> \unskip \hfil }
                          \hskip \tabcolsep \endtemplate 
l.58 \sigma_x & \bra1 & \bra0 &
                                -\bra- & \bra+ \\[0.5ex]
./src/notes.tex:58: Missing $ inserted.
<inserted text> 
                $
l.58 \sigma_x & \bra1 & \bra0 &
                                -\bra- & \bra+ \\[0.5ex]
./src/notes.tex:58: Missing } inserted.
<inserted text> 
                }
l.58 \sigma_x & \bra1 & \bra0 &
                                -\bra- & \bra+ \\[0.5ex]
./src/notes.tex:58: Missing $ inserted.
<inserted text> 
                $
l.58 \sigma_x & \bra1 & \bra0 & -\bra-
                                       & \bra+ \\[0.5ex]
./src/notes.tex:58: Extra }, or forgotten $.
<template> \unskip \hfil }
                          \hskip \tabcolsep \endtemplate 
l.58 \sigma_x & \bra1 & \bra0 & -\bra- &
                                         \bra+ \\[0.5ex]
./src/notes.tex:58: Missing $ inserted.
<inserted text> 
                $
l.58 \sigma_x & \bra1 & \bra0 & -\bra- &
                                         \bra+ \\[0.5ex]
./src/notes.tex:58: Missing } inserted.
<inserted text> 
                }
l.58 \sigma_x & \bra1 & \bra0 & -\bra- &
                                         \bra+ \\[0.5ex]
./src/notes.tex:58: Missing $ inserted.
<inserted text> 
                $
l.58 \sigma_x & \bra1 & \bra0 & -\bra- & \bra+
                                               \\[0.5ex]
./src/notes.tex:58: Extra }, or forgotten $.
<template> \unskip \hfil }
                          \hskip \tabcolsep \endtemplate 
l.58 ...& \bra1 & \bra0 & -\bra- & \bra+ \\[0.5ex]
                                                  
./src/notes.tex:58: Missing $ inserted.
<inserted text> 
                $
l.58 ...& \bra1 & \bra0 & -\bra- & \bra+ \\[0.5ex]
                                                  
./src/notes.tex:58: Missing } inserted.
<inserted text> 
                }
l.58 ...& \bra1 & \bra0 & -\bra- & \bra+ \\[0.5ex]
                                                  
./src/notes.tex:59: Missing $ inserted.
<inserted text> 
                $
l.59 \sigma
           _y & i\bra1 & -i\bra0 & i\bra+ & -i\bra- \\[0.5ex]
./src/notes.tex:59: Extra }, or forgotten $.
<template> \unskip \hfil }
                          \hskip \tabcolsep \hskip -.5\arrayrulewidth \vrule...
l.59 \sigma_y &
                i\bra1 & -i\bra0 & i\bra+ & -i\bra- \\[0.5ex]
./src/notes.tex:59: Missing $ inserted.
<inserted text> 
                $
l.59 \sigma_y &
                i\bra1 & -i\bra0 & i\bra+ & -i\bra- \\[0.5ex]
./src/notes.tex:59: Missing } inserted.
<inserted text> 
                }
l.59 \sigma_y &
                i\bra1 & -i\bra0 & i\bra+ & -i\bra- \\[0.5ex]
./src/notes.tex:59: Missing $ inserted.
<inserted text> 
                $
l.59 \sigma_y & i\bra1
                       & -i\bra0 & i\bra+ & -i\bra- \\[0.5ex]
./src/notes.tex:59: Extra }, or forgotten $.
<template> \unskip \hfil }
                          \hskip \tabcolsep \endtemplate 
l.59 \sigma_y & i\bra1 &
                         -i\bra0 & i\bra+ & -i\bra- \\[0.5ex]
./src/notes.tex:59: Missing $ inserted.
<inserted text> 
                $
l.59 \sigma_y & i\bra1 &
                         -i\bra0 & i\bra+ & -i\bra- \\[0.5ex]
./src/notes.tex:59: Missing } inserted.
<inserted text> 
                }
l.59 \sigma_y & i\bra1 &
                         -i\bra0 & i\bra+ & -i\bra- \\[0.5ex]
./src/notes.tex:59: Missing $ inserted.
<inserted text> 
                $
l.59 \sigma_y & i\bra1 & -i\bra0
                                 & i\bra+ & -i\bra- \\[0.5ex]
./src/notes.tex:59: Extra }, or forgotten $.
<template> \unskip \hfil }
                          \hskip \tabcolsep \endtemplate 
l.59 \sigma_y & i\bra1 & -i\bra0 &
                                   i\bra+ & -i\bra- \\[0.5ex]
./src/notes.tex:59: Missing $ inserted.
<inserted text> 
                $
l.59 \sigma_y & i\bra1 & -i\bra0 &
                                   i\bra+ & -i\bra- \\[0.5ex]
./src/notes.tex:59: Missing } inserted.
<inserted text> 
                }
l.59 \sigma_y & i\bra1 & -i\bra0 &
                                   i\bra+ & -i\bra- \\[0.5ex]
./src/notes.tex:59: Missing $ inserted.
<inserted text> 
                $
l.59 \sigma_y & i\bra1 & -i\bra0 & i\bra+
                                          & -i\bra- \\[0.5ex]
./src/notes.tex:59: Extra }, or forgotten $.
<template> \unskip \hfil }
                          \hskip \tabcolsep \endtemplate 
l.59 \sigma_y & i\bra1 & -i\bra0 & i\bra+ &
                                            -i\bra- \\[0.5ex]
./src/notes.tex:59: Missing $ inserted.
<inserted text> 
                $
l.59 \sigma_y & i\bra1 & -i\bra0 & i\bra+ &
                                            -i\bra- \\[0.5ex]
./src/notes.tex:59: Missing } inserted.
<inserted text> 
                }
l.59 \sigma_y & i\bra1 & -i\bra0 & i\bra+ &
                                            -i\bra- \\[0.5ex]
./src/notes.tex:59: Missing $ inserted.
<inserted text> 
                $
l.59 ...ma_y & i\bra1 & -i\bra0 & i\bra+ & -i\bra-
                                                   \\[0.5ex]
./src/notes.tex:59: Extra }, or forgotten $.
<template> \unskip \hfil }
                          \hskip \tabcolsep \endtemplate 
l.59 ...ra1 & -i\bra0 & i\bra+ & -i\bra- \\[0.5ex]
                                                  
./src/notes.tex:59: Missing $ inserted.
<inserted text> 
                $
l.59 ...ra1 & -i\bra0 & i\bra+ & -i\bra- \\[0.5ex]
                                                  
./src/notes.tex:59: Missing } inserted.
<inserted text> 
                }
l.59 ...ra1 & -i\bra0 & i\bra+ & -i\bra- \\[0.5ex]
                                                  
./src/notes.tex:60: Missing $ inserted.
<inserted text> 
                $
l.60 \sigma
           _z & \bra0 & -\bra1 & \bra+ & \bra- \\[0.5ex]
./src/notes.tex:60: Extra }, or forgotten $.
<template> \unskip \hfil }
                          \hskip \tabcolsep \hskip -.5\arrayrulewidth \vrule...
l.60 \sigma_z &
                \bra0 & -\bra1 & \bra+ & \bra- \\[0.5ex]
./src/notes.tex:60: Missing $ inserted.
<inserted text> 
                $
l.60 \sigma_z &
                \bra0 & -\bra1 & \bra+ & \bra- \\[0.5ex]
./src/notes.tex:60: Missing } inserted.
<inserted text> 
                }
l.60 \sigma_z &
                \bra0 & -\bra1 & \bra+ & \bra- \\[0.5ex]
./src/notes.tex:60: Missing $ inserted.
<inserted text> 
                $
l.60 \sigma_z & \bra0
                      & -\bra1 & \bra+ & \bra- \\[0.5ex]
./src/notes.tex:60: Extra }, or forgotten $.
<template> \unskip \hfil }
                          \hskip \tabcolsep \endtemplate 
l.60 \sigma_z & \bra0 &
                        -\bra1 & \bra+ & \bra- \\[0.5ex]
./src/notes.tex:60: Missing $ inserted.
<inserted text> 
                $
l.60 \sigma_z & \bra0 &
                        -\bra1 & \bra+ & \bra- \\[0.5ex]
./src/notes.tex:60: Missing } inserted.
<inserted text> 
                }
l.60 \sigma_z & \bra0 &
                        -\bra1 & \bra+ & \bra- \\[0.5ex]
./src/notes.tex:60: Missing $ inserted.
<inserted text> 
                $
l.60 \sigma_z & \bra0 & -\bra1
                               & \bra+ & \bra- \\[0.5ex]
./src/notes.tex:60: Extra }, or forgotten $.
<template> \unskip \hfil }
                          \hskip \tabcolsep \endtemplate 
l.60 \sigma_z & \bra0 & -\bra1 &
                                 \bra+ & \bra- \\[0.5ex]
./src/notes.tex:60: Missing $ inserted.
<inserted text> 
                $
l.60 \sigma_z & \bra0 & -\bra1 &
                                 \bra+ & \bra- \\[0.5ex]
./src/notes.tex:60: Missing } inserted.
<inserted text> 
                }
l.60 \sigma_z & \bra0 & -\bra1 &
                                 \bra+ & \bra- \\[0.5ex]
./src/notes.tex:60: Missing $ inserted.
<inserted text> 
                $
l.60 \sigma_z & \bra0 & -\bra1 & \bra+
                                       & \bra- \\[0.5ex]
./src/notes.tex:60: Extra }, or forgotten $.
<template> \unskip \hfil }
                          \hskip \tabcolsep \endtemplate 
l.60 \sigma_z & \bra0 & -\bra1 & \bra+ &
                                         \bra- \\[0.5ex]
./src/notes.tex:60: Missing $ inserted.
<inserted text> 
                $
l.60 \sigma_z & \bra0 & -\bra1 & \bra+ &
                                         \bra- \\[0.5ex]
./src/notes.tex:60: Missing } inserted.
<inserted text> 
                }
l.60 \sigma_z & \bra0 & -\bra1 & \bra+ &
                                         \bra- \\[0.5ex]
./src/notes.tex:60: Missing $ inserted.
<inserted text> 
                $
l.60 \sigma_z & \bra0 & -\bra1 & \bra+ & \bra-
                                               \\[0.5ex]
./src/notes.tex:60: Extra }, or forgotten $.
<template> \unskip \hfil }
                          \hskip \tabcolsep \endtemplate 
l.60 ...& \bra0 & -\bra1 & \bra+ & \bra- \\[0.5ex]
                                                  
./src/notes.tex:60: Missing $ inserted.
<inserted text> 
                $
l.60 ...& \bra0 & -\bra1 & \bra+ & \bra- \\[0.5ex]
                                                  
./src/notes.tex:60: Missing } inserted.
<inserted text> 
                }
l.60 ...& \bra0 & -\bra1 & \bra+ & \bra- \\[0.5ex]
                                                  
./src/notes.tex:61: Missing $ inserted.
<inserted text> 
                $
l.61 H & \bra+
               & \bra- & \bra1 & \bra0
./src/notes.tex:61: Extra }, or forgotten $.
<template> \unskip \hfil }
                          \hskip \tabcolsep \endtemplate 
l.61 H & \bra+ &
                 \bra- & \bra1 & \bra0
./src/notes.tex:61: Missing $ inserted.
<inserted text> 
                $
l.61 H & \bra+ &
                 \bra- & \bra1 & \bra0
./src/notes.tex:61: Missing } inserted.
<inserted text> 
                }
l.61 H & \bra+ &
                 \bra- & \bra1 & \bra0
./src/notes.tex:61: Missing $ inserted.
<inserted text> 
                $
l.61 H & \bra+ & \bra-
                       & \bra1 & \bra0
./src/notes.tex:61: Extra }, or forgotten $.
<template> \unskip \hfil }
                          \hskip \tabcolsep \endtemplate 
l.61 H & \bra+ & \bra- &
                         \bra1 & \bra0
./src/notes.tex:61: Missing $ inserted.
<inserted text> 
                $
l.61 H & \bra+ & \bra- &
                         \bra1 & \bra0
./src/notes.tex:61: Missing } inserted.
<inserted text> 
                }
l.61 H & \bra+ & \bra- &
                         \bra1 & \bra0
./src/notes.tex:61: Missing $ inserted.
<inserted text> 
                $
l.61 H & \bra+ & \bra- & \bra1
                               & \bra0
./src/notes.tex:61: Extra }, or forgotten $.
<template> \unskip \hfil }
                          \hskip \tabcolsep \endtemplate 
l.61 H & \bra+ & \bra- & \bra1 &
                                 \bra0
./src/notes.tex:61: Missing $ inserted.
<inserted text> 
                $
l.61 H & \bra+ & \bra- & \bra1 &
                                 \bra0
./src/notes.tex:61: Missing } inserted.
<inserted text> 
                }
l.61 H & \bra+ & \bra- & \bra1 &
                                 \bra0
./src/notes.tex:61: Missing $ inserted.
<inserted text> 
                $
l.61 H & \bra+ & \bra- & \bra1 & \bra0
                                      
./src/notes.tex:62: Extra }, or forgotten $.
<template> \unskip \hfil }
                          \hskip \tabcolsep \endtemplate 
l.62 \end{tabular}
                  
./src/notes.tex:62: Missing $ inserted.
<inserted text> 
                $
l.62 \end{tabular}
                  
./src/notes.tex:62: Missing } inserted.
<inserted text> 
                }
l.62 \end{tabular}
                  
./src/notes.tex:72: Illegal unit of measure (pt inserted).
<to be read again> 
                   \relax 
l.72 \end{align*}
                 
./src/notes.tex:72: Illegal unit of measure (pt inserted).
<to be read again> 
                   \relax 
l.72 \end{align*}
                 
./src/notes.tex:72: Illegal unit of measure (pt inserted).
<to be read again> 
                   \relax 
l.72 \end{align*}
                 
./src/notes.tex:72: Illegal unit of measure (pt inserted).
<to be read again> 
                   \relax 
l.72 \end{align*}
                 
./src/notes.tex:72: Illegal unit of measure (pt inserted).
<to be read again> 
                   \relax 
l.72 \end{align*}
                 
./src/notes.tex:72: Illegal unit of measure (pt inserted).
<to be read again> 
                   \relax 
l.72 \end{align*}
                 
./src/notes.tex:72: Illegal unit of measure (pt inserted).
<to be read again> 
                   \relax 
l.72 \end{align*}
                 
./src/notes.tex:72: Illegal unit of measure (pt inserted).
<to be read again> 
                   \relax 
l.72 \end{align*}
                 
./src/notes.tex:82: Missing } inserted.
<inserted text> 
                }
l.82 }
      \\[0.5cm]
./src/notes.tex:82: Illegal unit of measure (pt inserted).
<to be read again> 
                   \relax 
l.82 }
      \\[0.5cm]
./src/notes.tex:82: Illegal unit of measure (pt inserted).
<to be read again> 
                   \relax 
l.82 }
      \\[0.5cm]
./src/notes.tex:82: Illegal unit of measure (pt inserted).
<to be read again> 
                   \relax 
l.82 }
      \\[0.5cm]
./src/notes.tex:82: Illegal unit of measure (pt inserted).
<to be read again> 
                   \relax 
l.82 }
      \\[0.5cm]
./src/notes.tex:82: Missing { inserted.
<inserted text> 
                {
l.82 }
      \\[0.5cm]

