This is pdfTeX, Version 3.14159265-2.6-1.40.20 (TeX Live 2019/Debian) (preloaded format=pdflatex 2020.11.30)  14 DEC 2020 09:12
entering extended mode
 restricted \write18 enabled.
 file:line:error style messages enabled.
 %&-line parsing enabled.
**src/notes.tex
(./src/notes.tex
LaTeX2e <2020-02-02> patch level 2
L3 programming layer <2020-02-14>
(/usr/share/texlive/texmf-dist/tex/latex/base/article.cls
Document Class: article 2019/12/20 v1.4l Standard LaTeX document class
(/usr/share/texlive/texmf-dist/tex/latex/base/size12.clo
File: size12.clo 2019/12/20 v1.4l Standard LaTeX file (size option)
)
\c@part=\count167
\c@section=\count168
\c@subsection=\count169
\c@subsubsection=\count170
\c@paragraph=\count171
\c@subparagraph=\count172
\c@figure=\count173
\c@table=\count174
\abovecaptionskip=\skip47
\belowcaptionskip=\skip48
\bibindent=\dimen134
)
(/usr/share/texlive/texmf-dist/tex/latex/base/inputenc.sty
Package: inputenc 2018/08/11 v1.3c Input encoding file
\inpenc@prehook=\toks14
\inpenc@posthook=\toks15
)
(/usr/share/texlive/texmf-dist/tex/latex/amsmath/amsmath.sty
Package: amsmath 2020/01/20 v2.17e AMS math features
\@mathmargin=\skip49

For additional information on amsmath, use the `?' option.
(/usr/share/texlive/texmf-dist/tex/latex/amsmath/amstext.sty
Package: amstext 2000/06/29 v2.01 AMS text

(/usr/share/texlive/texmf-dist/tex/latex/amsmath/amsgen.sty
File: amsgen.sty 1999/11/30 v2.0 generic functions
\@emptytoks=\toks16
\ex@=\dimen135
))
(/usr/share/texlive/texmf-dist/tex/latex/amsmath/amsbsy.sty
Package: amsbsy 1999/11/29 v1.2d Bold Symbols
\pmbraise@=\dimen136
)
(/usr/share/texlive/texmf-dist/tex/latex/amsmath/amsopn.sty
Package: amsopn 2016/03/08 v2.02 operator names
)
\inf@bad=\count175
LaTeX Info: Redefining \frac on input line 227.
\uproot@=\count176
\leftroot@=\count177
LaTeX Info: Redefining \overline on input line 389.
\classnum@=\count178
\DOTSCASE@=\count179
LaTeX Info: Redefining \ldots on input line 486.
LaTeX Info: Redefining \dots on input line 489.
LaTeX Info: Redefining \cdots on input line 610.
\Mathstrutbox@=\box45
\strutbox@=\box46
\big@size=\dimen137
LaTeX Font Info:    Redeclaring font encoding OML on input line 733.
LaTeX Font Info:    Redeclaring font encoding OMS on input line 734.
\macc@depth=\count180
\c@MaxMatrixCols=\count181
\dotsspace@=\muskip16
\c@parentequation=\count182
\dspbrk@lvl=\count183
\tag@help=\toks17
\row@=\count184
\column@=\count185
\maxfields@=\count186
\andhelp@=\toks18
\eqnshift@=\dimen138
\alignsep@=\dimen139
\tagshift@=\dimen140
\tagwidth@=\dimen141
\totwidth@=\dimen142
\lineht@=\dimen143
\@envbody=\toks19
\multlinegap=\skip50
\multlinetaggap=\skip51
\mathdisplay@stack=\toks20
LaTeX Info: Redefining \[ on input line 2859.
LaTeX Info: Redefining \] on input line 2860.
)
(/usr/share/texlive/texmf-dist/tex/latex/ncctools/nccmath.sty
Package: nccmath 2006/01/20 v1.3 Additional Math Commands (NCC)
\NCC@fracrulewidth=\dimen144
)
(/usr/share/texlive/texmf-dist/tex/latex/graphics/graphicx.sty
Package: graphicx 2019/11/30 v1.2a Enhanced LaTeX Graphics (DPC,SPQR)

(/usr/share/texlive/texmf-dist/tex/latex/graphics/keyval.sty
Package: keyval 2014/10/28 v1.15 key=value parser (DPC)
\KV@toks@=\toks21
)
(/usr/share/texlive/texmf-dist/tex/latex/graphics/graphics.sty
Package: graphics 2019/11/30 v1.4a Standard LaTeX Graphics (DPC,SPQR)

(/usr/share/texlive/texmf-dist/tex/latex/graphics/trig.sty
Package: trig 2016/01/03 v1.10 sin cos tan (DPC)
)
(/usr/share/texlive/texmf-dist/tex/latex/graphics-cfg/graphics.cfg
File: graphics.cfg 2016/06/04 v1.11 sample graphics configuration
)
Package graphics Info: Driver file: pdftex.def on input line 105.

(/usr/share/texlive/texmf-dist/tex/latex/graphics-def/pdftex.def
File: pdftex.def 2018/01/08 v1.0l Graphics/color driver for pdftex
))
\Gin@req@height=\dimen145
\Gin@req@width=\dimen146
)
(/usr/share/texlive/texmf-dist/tex/latex/adjustbox/adjustbox.sty
Package: adjustbox 2019/01/04 v1.2 Adjusting TeX boxes (trim, clip, ...)

(/usr/share/texlive/texmf-dist/tex/latex/xkeyval/xkeyval.sty
Package: xkeyval 2014/12/03 v2.7a package option processing (HA)

(/usr/share/texlive/texmf-dist/tex/generic/xkeyval/xkeyval.tex
(/usr/share/texlive/texmf-dist/tex/generic/xkeyval/xkvutils.tex
\XKV@toks=\toks22
\XKV@tempa@toks=\toks23
)
\XKV@depth=\count187
File: xkeyval.tex 2014/12/03 v2.7a key=value parser (HA)
))
(/usr/share/texlive/texmf-dist/tex/latex/adjustbox/adjcalc.sty
Package: adjcalc 2012/05/16 v1.1 Provides advanced setlength with multiple back
-ends (calc, etex, pgfmath)
)
(/usr/share/texlive/texmf-dist/tex/latex/adjustbox/trimclip.sty
Package: trimclip 2018/04/08 v1.1 Trim and clip general TeX material

(/usr/share/texlive/texmf-dist/tex/latex/collectbox/collectbox.sty
Package: collectbox 2012/05/17 v0.4b Collect macro arguments as boxes
\collectedbox=\box47
)
\tc@llx=\dimen147
\tc@lly=\dimen148
\tc@urx=\dimen149
\tc@ury=\dimen150
Package trimclip Info: Using driver 'tc-pdftex.def'.

(/usr/share/texlive/texmf-dist/tex/latex/adjustbox/tc-pdftex.def
File: tc-pdftex.def 2019/01/04 v2.2 Clipping driver for pdftex
))
\adjbox@Width=\dimen151
\adjbox@Height=\dimen152
\adjbox@Depth=\dimen153
\adjbox@Totalheight=\dimen154
\adjbox@pwidth=\dimen155
\adjbox@pheight=\dimen156
\adjbox@pdepth=\dimen157
\adjbox@ptotalheight=\dimen158

(/usr/share/texlive/texmf-dist/tex/latex/ifoddpage/ifoddpage.sty
Package: ifoddpage 2016/04/23 v1.1 Conditionals for odd/even page detection
\c@checkoddpage=\count188
)
(/usr/share/texlive/texmf-dist/tex/latex/varwidth/varwidth.sty
Package: varwidth 2009/03/30 ver 0.92;  Variable-width minipages
\@vwid@box=\box48
\sift@deathcycles=\count189
\@vwid@loff=\dimen159
\@vwid@roff=\dimen160
))
(/usr/share/texlive/texmf-dist/tex/latex/geometry/geometry.sty
Package: geometry 2020/01/02 v5.9 Page Geometry

(/usr/share/texlive/texmf-dist/tex/generic/iftex/ifvtex.sty
Package: ifvtex 2019/10/25 v1.7 ifvtex legacy package. Use iftex instead.

(/usr/share/texlive/texmf-dist/tex/generic/iftex/iftex.sty
Package: iftex 2019/11/07 v1.0c TeX engine tests
))
\Gm@cnth=\count190
\Gm@cntv=\count191
\c@Gm@tempcnt=\count192
\Gm@bindingoffset=\dimen161
\Gm@wd@mp=\dimen162
\Gm@odd@mp=\dimen163
\Gm@even@mp=\dimen164
\Gm@layoutwidth=\dimen165
\Gm@layoutheight=\dimen166
\Gm@layouthoffset=\dimen167
\Gm@layoutvoffset=\dimen168
\Gm@dimlist=\toks24
)
(/usr/share/texlive/texmf-dist/tex/latex/tools/indentfirst.sty
Package: indentfirst 1995/11/23 v1.03 Indent first paragraph (DPC)
)
(/usr/share/texlive/texmf-dist/tex/generic/witharrows/witharrows.sty
(/usr/share/texlive/texmf-dist/tex/latex/pgf/frontendlayer/tikz.sty
(/usr/share/texlive/texmf-dist/tex/latex/pgf/basiclayer/pgf.sty
(/usr/share/texlive/texmf-dist/tex/latex/pgf/utilities/pgfrcs.sty
(/usr/share/texlive/texmf-dist/tex/generic/pgf/utilities/pgfutil-common.tex
\pgfutil@everybye=\toks25
\pgfutil@tempdima=\dimen169
\pgfutil@tempdimb=\dimen170

(/usr/share/texlive/texmf-dist/tex/generic/pgf/utilities/pgfutil-common-lists.t
ex)) (/usr/share/texlive/texmf-dist/tex/generic/pgf/utilities/pgfutil-latex.def
\pgfutil@abb=\box49
(/usr/share/texlive/texmf-dist/tex/latex/ms/everyshi.sty
Package: everyshi 2001/05/15 v3.00 EveryShipout Package (MS)
))
(/usr/share/texlive/texmf-dist/tex/generic/pgf/utilities/pgfrcs.code.tex
(/usr/share/texlive/texmf-dist/tex/generic/pgf/pgf.revision.tex)
Package: pgfrcs 2020/01/08 v3.1.5b (3.1.5b)
))
Package: pgf 2020/01/08 v3.1.5b (3.1.5b)

(/usr/share/texlive/texmf-dist/tex/latex/pgf/basiclayer/pgfcore.sty
(/usr/share/texlive/texmf-dist/tex/latex/pgf/systemlayer/pgfsys.sty
(/usr/share/texlive/texmf-dist/tex/generic/pgf/systemlayer/pgfsys.code.tex
Package: pgfsys 2020/01/08 v3.1.5b (3.1.5b)

(/usr/share/texlive/texmf-dist/tex/generic/pgf/utilities/pgfkeys.code.tex
\pgfkeys@pathtoks=\toks26
\pgfkeys@temptoks=\toks27

(/usr/share/texlive/texmf-dist/tex/generic/pgf/utilities/pgfkeysfiltered.code.t
ex
\pgfkeys@tmptoks=\toks28
))
\pgf@x=\dimen171
\pgf@y=\dimen172
\pgf@xa=\dimen173
\pgf@ya=\dimen174
\pgf@xb=\dimen175
\pgf@yb=\dimen176
\pgf@xc=\dimen177
\pgf@yc=\dimen178
\pgf@xd=\dimen179
\pgf@yd=\dimen180
\w@pgf@writea=\write3
\r@pgf@reada=\read2
\c@pgf@counta=\count193
\c@pgf@countb=\count194
\c@pgf@countc=\count195
\c@pgf@countd=\count196
\t@pgf@toka=\toks29
\t@pgf@tokb=\toks30
\t@pgf@tokc=\toks31
\pgf@sys@id@count=\count197
 (/usr/share/texlive/texmf-dist/tex/generic/pgf/systemlayer/pgf.cfg
File: pgf.cfg 2020/01/08 v3.1.5b (3.1.5b)
)
Driver file for pgf: pgfsys-pdftex.def

(/usr/share/texlive/texmf-dist/tex/generic/pgf/systemlayer/pgfsys-pdftex.def
File: pgfsys-pdftex.def 2020/01/08 v3.1.5b (3.1.5b)

(/usr/share/texlive/texmf-dist/tex/generic/pgf/systemlayer/pgfsys-common-pdf.de
f
File: pgfsys-common-pdf.def 2020/01/08 v3.1.5b (3.1.5b)
)))
(/usr/share/texlive/texmf-dist/tex/generic/pgf/systemlayer/pgfsyssoftpath.code.
tex
File: pgfsyssoftpath.code.tex 2020/01/08 v3.1.5b (3.1.5b)
\pgfsyssoftpath@smallbuffer@items=\count198
\pgfsyssoftpath@bigbuffer@items=\count199
)
(/usr/share/texlive/texmf-dist/tex/generic/pgf/systemlayer/pgfsysprotocol.code.
tex
File: pgfsysprotocol.code.tex 2020/01/08 v3.1.5b (3.1.5b)
)) (/usr/share/texlive/texmf-dist/tex/latex/xcolor/xcolor.sty
Package: xcolor 2016/05/11 v2.12 LaTeX color extensions (UK)

(/usr/share/texlive/texmf-dist/tex/latex/graphics-cfg/color.cfg
File: color.cfg 2016/01/02 v1.6 sample color configuration
)
Package xcolor Info: Driver file: pdftex.def on input line 225.
Package xcolor Info: Model `cmy' substituted by `cmy0' on input line 1348.
Package xcolor Info: Model `hsb' substituted by `rgb' on input line 1352.
Package xcolor Info: Model `RGB' extended on input line 1364.
Package xcolor Info: Model `HTML' substituted by `rgb' on input line 1366.
Package xcolor Info: Model `Hsb' substituted by `hsb' on input line 1367.
Package xcolor Info: Model `tHsb' substituted by `hsb' on input line 1368.
Package xcolor Info: Model `HSB' substituted by `hsb' on input line 1369.
Package xcolor Info: Model `Gray' substituted by `gray' on input line 1370.
Package xcolor Info: Model `wave' substituted by `hsb' on input line 1371.
)
(/usr/share/texlive/texmf-dist/tex/generic/pgf/basiclayer/pgfcore.code.tex
Package: pgfcore 2020/01/08 v3.1.5b (3.1.5b)

(/usr/share/texlive/texmf-dist/tex/generic/pgf/math/pgfmath.code.tex
(/usr/share/texlive/texmf-dist/tex/generic/pgf/math/pgfmathcalc.code.tex
(/usr/share/texlive/texmf-dist/tex/generic/pgf/math/pgfmathutil.code.tex)
(/usr/share/texlive/texmf-dist/tex/generic/pgf/math/pgfmathparser.code.tex
\pgfmath@dimen=\dimen181
\pgfmath@count=\count266
\pgfmath@box=\box50
\pgfmath@toks=\toks32
\pgfmath@stack@operand=\toks33
\pgfmath@stack@operation=\toks34
)
(/usr/share/texlive/texmf-dist/tex/generic/pgf/math/pgfmathfunctions.code.tex
(/usr/share/texlive/texmf-dist/tex/generic/pgf/math/pgfmathfunctions.basic.code
.tex)
(/usr/share/texlive/texmf-dist/tex/generic/pgf/math/pgfmathfunctions.trigonomet
ric.code.tex)
(/usr/share/texlive/texmf-dist/tex/generic/pgf/math/pgfmathfunctions.random.cod
e.tex)
(/usr/share/texlive/texmf-dist/tex/generic/pgf/math/pgfmathfunctions.comparison
.code.tex)
(/usr/share/texlive/texmf-dist/tex/generic/pgf/math/pgfmathfunctions.base.code.
tex)
(/usr/share/texlive/texmf-dist/tex/generic/pgf/math/pgfmathfunctions.round.code
.tex)
(/usr/share/texlive/texmf-dist/tex/generic/pgf/math/pgfmathfunctions.misc.code.
tex)
(/usr/share/texlive/texmf-dist/tex/generic/pgf/math/pgfmathfunctions.integerari
thmetics.code.tex)))
(/usr/share/texlive/texmf-dist/tex/generic/pgf/math/pgfmathfloat.code.tex
\c@pgfmathroundto@lastzeros=\count267
))
(/usr/share/texlive/texmf-dist/tex/generic/pgf/math/pgfint.code.tex)
(/usr/share/texlive/texmf-dist/tex/generic/pgf/basiclayer/pgfcorepoints.code.te
x
File: pgfcorepoints.code.tex 2020/01/08 v3.1.5b (3.1.5b)
\pgf@picminx=\dimen182
\pgf@picmaxx=\dimen183
\pgf@picminy=\dimen184
\pgf@picmaxy=\dimen185
\pgf@pathminx=\dimen186
\pgf@pathmaxx=\dimen187
\pgf@pathminy=\dimen188
\pgf@pathmaxy=\dimen189
\pgf@xx=\dimen190
\pgf@xy=\dimen191
\pgf@yx=\dimen192
\pgf@yy=\dimen193
\pgf@zx=\dimen194
\pgf@zy=\dimen195
)
(/usr/share/texlive/texmf-dist/tex/generic/pgf/basiclayer/pgfcorepathconstruct.
code.tex
File: pgfcorepathconstruct.code.tex 2020/01/08 v3.1.5b (3.1.5b)
\pgf@path@lastx=\dimen196
\pgf@path@lasty=\dimen197
)
(/usr/share/texlive/texmf-dist/tex/generic/pgf/basiclayer/pgfcorepathusage.code
.tex
File: pgfcorepathusage.code.tex 2020/01/08 v3.1.5b (3.1.5b)
\pgf@shorten@end@additional=\dimen198
\pgf@shorten@start@additional=\dimen199
)
(/usr/share/texlive/texmf-dist/tex/generic/pgf/basiclayer/pgfcorescopes.code.te
x
File: pgfcorescopes.code.tex 2020/01/08 v3.1.5b (3.1.5b)
\pgfpic=\box51
\pgf@hbox=\box52
\pgf@layerbox@main=\box53
\pgf@picture@serial@count=\count268
)
(/usr/share/texlive/texmf-dist/tex/generic/pgf/basiclayer/pgfcoregraphicstate.c
ode.tex
File: pgfcoregraphicstate.code.tex 2020/01/08 v3.1.5b (3.1.5b)
\pgflinewidth=\dimen256
)
(/usr/share/texlive/texmf-dist/tex/generic/pgf/basiclayer/pgfcoretransformation
s.code.tex
File: pgfcoretransformations.code.tex 2020/01/08 v3.1.5b (3.1.5b)
\pgf@pt@x=\dimen257
\pgf@pt@y=\dimen258
\pgf@pt@temp=\dimen259
)
(/usr/share/texlive/texmf-dist/tex/generic/pgf/basiclayer/pgfcorequick.code.tex
File: pgfcorequick.code.tex 2020/01/08 v3.1.5b (3.1.5b)
)
(/usr/share/texlive/texmf-dist/tex/generic/pgf/basiclayer/pgfcoreobjects.code.t
ex
File: pgfcoreobjects.code.tex 2020/01/08 v3.1.5b (3.1.5b)
)
(/usr/share/texlive/texmf-dist/tex/generic/pgf/basiclayer/pgfcorepathprocessing
.code.tex
File: pgfcorepathprocessing.code.tex 2020/01/08 v3.1.5b (3.1.5b)
)
(/usr/share/texlive/texmf-dist/tex/generic/pgf/basiclayer/pgfcorearrows.code.te
x
File: pgfcorearrows.code.tex 2020/01/08 v3.1.5b (3.1.5b)
\pgfarrowsep=\dimen260
)
(/usr/share/texlive/texmf-dist/tex/generic/pgf/basiclayer/pgfcoreshade.code.tex
File: pgfcoreshade.code.tex 2020/01/08 v3.1.5b (3.1.5b)
\pgf@max=\dimen261
\pgf@sys@shading@range@num=\count269
\pgf@shadingcount=\count270
)
(/usr/share/texlive/texmf-dist/tex/generic/pgf/basiclayer/pgfcoreimage.code.tex
File: pgfcoreimage.code.tex 2020/01/08 v3.1.5b (3.1.5b)

(/usr/share/texlive/texmf-dist/tex/generic/pgf/basiclayer/pgfcoreexternal.code.
tex
File: pgfcoreexternal.code.tex 2020/01/08 v3.1.5b (3.1.5b)
\pgfexternal@startupbox=\box54
))
(/usr/share/texlive/texmf-dist/tex/generic/pgf/basiclayer/pgfcorelayers.code.te
x
File: pgfcorelayers.code.tex 2020/01/08 v3.1.5b (3.1.5b)
)
(/usr/share/texlive/texmf-dist/tex/generic/pgf/basiclayer/pgfcoretransparency.c
ode.tex
File: pgfcoretransparency.code.tex 2020/01/08 v3.1.5b (3.1.5b)
)
(/usr/share/texlive/texmf-dist/tex/generic/pgf/basiclayer/pgfcorepatterns.code.
tex
File: pgfcorepatterns.code.tex 2020/01/08 v3.1.5b (3.1.5b)
)
(/usr/share/texlive/texmf-dist/tex/generic/pgf/basiclayer/pgfcorerdf.code.tex
File: pgfcorerdf.code.tex 2020/01/08 v3.1.5b (3.1.5b)
)))
(/usr/share/texlive/texmf-dist/tex/generic/pgf/modules/pgfmoduleshapes.code.tex
File: pgfmoduleshapes.code.tex 2020/01/08 v3.1.5b (3.1.5b)
\pgfnodeparttextbox=\box55
) (/usr/share/texlive/texmf-dist/tex/generic/pgf/modules/pgfmoduleplot.code.tex
File: pgfmoduleplot.code.tex 2020/01/08 v3.1.5b (3.1.5b)
)
(/usr/share/texlive/texmf-dist/tex/latex/pgf/compatibility/pgfcomp-version-0-65
.sty
Package: pgfcomp-version-0-65 2020/01/08 v3.1.5b (3.1.5b)
\pgf@nodesepstart=\dimen262
\pgf@nodesepend=\dimen263
)
(/usr/share/texlive/texmf-dist/tex/latex/pgf/compatibility/pgfcomp-version-1-18
.sty
Package: pgfcomp-version-1-18 2020/01/08 v3.1.5b (3.1.5b)
)) (/usr/share/texlive/texmf-dist/tex/latex/pgf/utilities/pgffor.sty
(/usr/share/texlive/texmf-dist/tex/latex/pgf/utilities/pgfkeys.sty
(/usr/share/texlive/texmf-dist/tex/generic/pgf/utilities/pgfkeys.code.tex))
(/usr/share/texlive/texmf-dist/tex/latex/pgf/math/pgfmath.sty
(/usr/share/texlive/texmf-dist/tex/generic/pgf/math/pgfmath.code.tex))
(/usr/share/texlive/texmf-dist/tex/generic/pgf/utilities/pgffor.code.tex
Package: pgffor 2020/01/08 v3.1.5b (3.1.5b)

(/usr/share/texlive/texmf-dist/tex/generic/pgf/math/pgfmath.code.tex)
\pgffor@iter=\dimen264
\pgffor@skip=\dimen265
\pgffor@stack=\toks35
\pgffor@toks=\toks36
))
(/usr/share/texlive/texmf-dist/tex/generic/pgf/frontendlayer/tikz/tikz.code.tex
Package: tikz 2020/01/08 v3.1.5b (3.1.5b)

(/usr/share/texlive/texmf-dist/tex/generic/pgf/libraries/pgflibraryplothandlers
.code.tex
File: pgflibraryplothandlers.code.tex 2020/01/08 v3.1.5b (3.1.5b)
\pgf@plot@mark@count=\count271
\pgfplotmarksize=\dimen266
)
\tikz@lastx=\dimen267
\tikz@lasty=\dimen268
\tikz@lastxsaved=\dimen269
\tikz@lastysaved=\dimen270
\tikz@lastmovetox=\dimen271
\tikz@lastmovetoy=\dimen272
\tikzleveldistance=\dimen273
\tikzsiblingdistance=\dimen274
\tikz@figbox=\box56
\tikz@figbox@bg=\box57
\tikz@tempbox=\box58
\tikz@tempbox@bg=\box59
\tikztreelevel=\count272
\tikznumberofchildren=\count273
\tikznumberofcurrentchild=\count274
\tikz@fig@count=\count275

(/usr/share/texlive/texmf-dist/tex/generic/pgf/modules/pgfmodulematrix.code.tex
File: pgfmodulematrix.code.tex 2020/01/08 v3.1.5b (3.1.5b)
\pgfmatrixcurrentrow=\count276
\pgfmatrixcurrentcolumn=\count277
\pgf@matrix@numberofcolumns=\count278
)
\tikz@expandcount=\count279

(/usr/share/texlive/texmf-dist/tex/generic/pgf/frontendlayer/tikz/libraries/tik
zlibrarytopaths.code.tex
File: tikzlibrarytopaths.code.tex 2020/01/08 v3.1.5b (3.1.5b)
)))
(/usr/share/texlive/texmf-dist/tex/latex/l3kernel/expl3.sty
Package: expl3 2020-02-14 L3 programming layer (loader) 

(/usr/share/texlive/texmf-dist/tex/latex/l3backend/l3backend-pdfmode.def
File: l3backend-pdfmode.def 2020-02-03 L3 backend support: PDF mode
\l__kernel_color_stack_int=\count280
\l__pdf_internal_box=\box60
))
(/usr/share/texlive/texmf-dist/tex/generic/pgf/libraries/pgflibraryarrows.meta.
code.tex
File: pgflibraryarrows.meta.code.tex 2020/01/08 v3.1.5b (3.1.5b)
\pgfarrowinset=\dimen275
\pgfarrowlength=\dimen276
\pgfarrowwidth=\dimen277
\pgfarrowlinewidth=\dimen278
)
(/usr/share/texlive/texmf-dist/tex/generic/pgf/frontendlayer/tikz/libraries/tik
zlibrarybending.code.tex
File: tikzlibrarybending.code.tex 2020/01/08 v3.1.5b (3.1.5b)

(/usr/share/texlive/texmf-dist/tex/generic/pgf/modules/pgfmodulebending.code.te
x
File: pgfmodulebending.code.tex 2020/01/08 v3.1.5b (3.1.5b)

(/usr/share/texlive/texmf-dist/tex/generic/pgf/modules/pgfmodulenonlineartransf
ormations.code.tex
File: pgfmodulenonlineartransformations.code.tex 2020/01/08 v3.1.5b (3.1.5b)
\pgftransformnonlinearflatness=\dimen279
)
(/usr/share/texlive/texmf-dist/tex/generic/pgf/libraries/pgflibrarycurvilinear.
code.tex
File: pgflibrarycurvilinear.code.tex 2020/01/08 v3.1.5b (3.1.5b)
\pgf@curvilinear@time@a=\dimen280
\pgf@curvilinear@length@a=\dimen281
\pgf@curvilinear@length@b=\dimen282
\pgf@curvilinear@length@c=\dimen283
\pgf@curvilinear@length@d=\dimen284
)
\pgf@arrows@the@rigidity=\dimen285
))
(/usr/share/texlive/texmf-dist/tex/latex/l3packages/l3keys2e/l3keys2e.sty
Package: l3keys2e 2020-02-14 LaTeX2e option processing using LaTeX3 keys
)
Package: witharrows 2019/12/27 v2.3 Draws arrows for explanations on the right

(/usr/share/texlive/texmf-dist/tex/latex/l3packages/xparse/xparse.sty
Package: xparse 2020-02-14 L3 Experimental document command parser
\l__xparse_current_arg_int=\count281
\g__xparse_grabber_int=\count282
\l__xparse_m_args_int=\count283
\l__xparse_v_nesting_int=\count284
)
\g__witharrows_last_env_int=\count285
\l__witharrows_pos_env_int=\count286
\l__witharrows_pos_arrow_int=\count287
\g__witharrows_arrow_int=\count288
\g__witharrows_line_int=\count289
\g__witharrows_col_int=\count290
\g__witharrows_static_col_int=\count291
\l__witharrows_nb_cols_int=\count292
\l__witharrows_arrow_width_dim=\dimen286
\l__witharrows_up_and_down_radius_dim=\dimen287
\l__witharrows_max_length_of_arrow_dim=\dimen288
\l__witharrows_ygap_dim=\dimen289
\l__witharrows_ystart_dim=\dimen290
\l__witharrows_xoffset_dim=\dimen291
\l__witharrows_interline_skip=\skip52
\l__witharrows_start_adjust_dim=\dimen292
\l__witharrows_end_adjust_dim=\dimen293
\l__witharrows_mathindent_dim=\dimen294
)
(/usr/share/texlive/texmf-dist/tex/generic/pgf/frontendlayer/tikz/libraries/tik
zlibraryangles.code.tex
File: tikzlibraryangles.code.tex 2020/01/08 v3.1.5b (3.1.5b)
)
(/usr/share/texlive/texmf-dist/tex/generic/pgf/frontendlayer/tikz/libraries/tik
zlibraryquotes.code.tex
File: tikzlibraryquotes.code.tex 2020/01/08 v3.1.5b (3.1.5b)
)

Package geometry Warning: Over-specification in `h'-direction.
    `width' (483.69684pt) is ignored.

(compiled/notes.aux)
\openout1 = `notes.aux'.

LaTeX Font Info:    Checking defaults for OML/cmm/m/it on input line 33.
LaTeX Font Info:    ... okay on input line 33.
LaTeX Font Info:    Checking defaults for OMS/cmsy/m/n on input line 33.
LaTeX Font Info:    ... okay on input line 33.
LaTeX Font Info:    Checking defaults for OT1/cmr/m/n on input line 33.
LaTeX Font Info:    ... okay on input line 33.
LaTeX Font Info:    Checking defaults for T1/cmr/m/n on input line 33.
LaTeX Font Info:    ... okay on input line 33.
LaTeX Font Info:    Checking defaults for TS1/cmr/m/n on input line 33.
LaTeX Font Info:    ... okay on input line 33.
LaTeX Font Info:    Checking defaults for OMX/cmex/m/n on input line 33.
LaTeX Font Info:    ... okay on input line 33.
LaTeX Font Info:    Checking defaults for U/cmr/m/n on input line 33.
LaTeX Font Info:    ... okay on input line 33.

(/usr/share/texlive/texmf-dist/tex/context/base/mkii/supp-pdf.mkii
[Loading MPS to PDF converter (version 2006.09.02).]
\scratchcounter=\count293
\scratchdimen=\dimen295
\scratchbox=\box61
\nofMPsegments=\count294
\nofMParguments=\count295
\everyMPshowfont=\toks37
\MPscratchCnt=\count296
\MPscratchDim=\dimen296
\MPnumerator=\count297
\makeMPintoPDFobject=\count298
\everyMPtoPDFconversion=\toks38
) (/usr/share/texlive/texmf-dist/tex/latex/epstopdf-pkg/epstopdf-base.sty
Package: epstopdf-base 2020-01-24 v2.11 Base part for package epstopdf
Package epstopdf-base Info: Redefining graphics rule for `.eps' on input line 4
85.

(/usr/share/texlive/texmf-dist/tex/latex/latexconfig/epstopdf-sys.cfg
File: epstopdf-sys.cfg 2010/07/13 v1.3 Configuration of (r)epstopdf for TeX Liv
e
))
*geometry* driver: auto-detecting
*geometry* detected driver: pdftex
*geometry* verbose mode - [ preamble ] result:
* driver: pdftex
* paper: a4paper
* layout: <same size as paper>
* layoutoffset:(h,v)=(0.0pt,0.0pt)
* modes: 
* h-part:(L,W,R)=(71.13188pt, 455.24411pt, 71.13188pt)
* v-part:(T,H,B)=(71.13188pt, 731.23582pt, 42.67914pt)
* \paperwidth=597.50787pt
* \paperheight=845.04684pt
* \textwidth=455.24411pt
* \textheight=731.23582pt
* \oddsidemargin=-1.1381pt
* \evensidemargin=-1.1381pt
* \topmargin=-38.1381pt
* \headheight=12.0pt
* \headsep=25.0pt
* \topskip=12.0pt
* \footskip=30.0pt
* \marginparwidth=44.0pt
* \marginparsep=10.0pt
* \columnsep=10.0pt
* \skip\footins=10.8pt plus 4.0pt minus 2.0pt
* \hoffset=0.0pt
* \voffset=0.0pt
* \mag=1000
* \@twocolumnfalse
* \@twosidefalse
* \@mparswitchfalse
* \@reversemarginfalse
* (1in=72.27pt=25.4mm, 1cm=28.453pt)

ABD: EveryShipout initializing macros
./src/notes.tex:40: Missing } inserted.
<inserted text> 
                }
l.40 }
      
I've put in what seems to be necessary to fix
the current column of the current alignment.
Try to go on, since this might almost work.

./src/notes.tex:40: Missing } inserted.
<inserted text> 
                }
l.40 }
      
I've inserted something that you may have forgotten.
(See the <inserted text> above.)
With luck, this will get me unwedged. But if you
really didn't forget anything, try typing `2' now; then
my insertion and my current dilemma will both disappear.

./src/notes.tex:40: Undefined control sequence.
<argument> ...th } \alpha , \beta \in \, $\mathbb 
                                                  {C}$ \\ \ket {A} &= \bar \...
l.40 }
      
The control sequence at the end of the top line
of your error message was never \def'ed. If you have
misspelled it (e.g., `\hobx'), type `I' and the correct
spelling (e.g., `I\hbox'). Otherwise just continue,
and I'll forget about whatever was undefined.

./src/notes.tex:40: Undefined control sequence.
\math@cr@@@ ...t@ {&\kern -\alignsep@ }\fi \next@ 
                                                  \cr 
l.40 }
      
The control sequence at the end of the top line
of your error message was never \def'ed. If you have
misspelled it (e.g., `\hobx'), type `I' and the correct
spelling (e.g., `I\hbox'). Otherwise just continue,
and I'll forget about whatever was undefined.

./src/notes.tex:40: Missing { inserted.
<inserted text> 
                {
l.40 }
      
I've put in what seems to be necessary to fix
the current column of the current alignment.
Try to go on, since this might almost work.

./src/notes.tex:40: Illegal unit of measure (pt inserted).
<to be read again> 
                   \relax 
l.40 }
      
Dimensions can be in units of em, ex, in, pt, pc,
cm, mm, dd, cc, nd, nc, bp, or sp; but yours is a new one!
I'll assume that you meant to say pt, for printer's points.
To recover gracefully from this error, it's best to
delete the erroneous units; e.g., type `2' to delete
two letters. (See Chapter 27 of The TeXbook.)

./src/notes.tex:40: Missing { inserted.
<inserted text> 
                {
l.40 }
      
I've put in what seems to be necessary to fix
the current column of the current alignment.
Try to go on, since this might almost work.

./src/notes.tex:46: Illegal unit of measure (pt inserted).
<to be read again> 
                   \relax 
l.46 \end{align*}
                 
Dimensions can be in units of em, ex, in, pt, pc,
cm, mm, dd, cc, nd, nc, bp, or sp; but yours is a new one!
I'll assume that you meant to say pt, for printer's points.
To recover gracefully from this error, it's best to
delete the erroneous units; e.g., type `2' to delete
two letters. (See Chapter 27 of The TeXbook.)

./src/notes.tex:46: Illegal unit of measure (pt inserted).
<to be read again> 
                   \relax 
l.46 \end{align*}
                 
Dimensions can be in units of em, ex, in, pt, pc,
cm, mm, dd, cc, nd, nc, bp, or sp; but yours is a new one!
I'll assume that you meant to say pt, for printer's points.
To recover gracefully from this error, it's best to
delete the erroneous units; e.g., type `2' to delete
two letters. (See Chapter 27 of The TeXbook.)

./src/notes.tex:46: Illegal unit of measure (pt inserted).
<to be read again> 
                   \relax 
l.46 \end{align*}
                 
Dimensions can be in units of em, ex, in, pt, pc,
cm, mm, dd, cc, nd, nc, bp, or sp; but yours is a new one!
I'll assume that you meant to say pt, for printer's points.
To recover gracefully from this error, it's best to
delete the erroneous units; e.g., type `2' to delete
two letters. (See Chapter 27 of The TeXbook.)

./src/notes.tex:46: Illegal unit of measure (pt inserted).
<to be read again> 
                   \relax 
l.46 \end{align*}
                 
Dimensions can be in units of em, ex, in, pt, pc,
cm, mm, dd, cc, nd, nc, bp, or sp; but yours is a new one!
I'll assume that you meant to say pt, for printer's points.
To recover gracefully from this error, it's best to
delete the erroneous units; e.g., type `2' to delete
two letters. (See Chapter 27 of The TeXbook.)

./src/notes.tex:46: Illegal unit of measure (pt inserted).
<to be read again> 
                   \relax 
l.46 \end{align*}
                 
Dimensions can be in units of em, ex, in, pt, pc,
cm, mm, dd, cc, nd, nc, bp, or sp; but yours is a new one!
I'll assume that you meant to say pt, for printer's points.
To recover gracefully from this error, it's best to
delete the erroneous units; e.g., type `2' to delete
two letters. (See Chapter 27 of The TeXbook.)

./src/notes.tex:46: Illegal unit of measure (pt inserted).
<to be read again> 
                   \relax 
l.46 \end{align*}
                 
Dimensions can be in units of em, ex, in, pt, pc,
cm, mm, dd, cc, nd, nc, bp, or sp; but yours is a new one!
I'll assume that you meant to say pt, for printer's points.
To recover gracefully from this error, it's best to
delete the erroneous units; e.g., type `2' to delete
two letters. (See Chapter 27 of The TeXbook.)

./src/notes.tex:53: Illegal unit of measure (pt inserted).
<to be read again> 
                   \relax 
l.53 \end{align*}
                 \\[0.5cm]
Dimensions can be in units of em, ex, in, pt, pc,
cm, mm, dd, cc, nd, nc, bp, or sp; but yours is a new one!
I'll assume that you meant to say pt, for printer's points.
To recover gracefully from this error, it's best to
delete the erroneous units; e.g., type `2' to delete
two letters. (See Chapter 27 of The TeXbook.)

./src/notes.tex:53: Illegal unit of measure (pt inserted).
<to be read again> 
                   \relax 
l.53 \end{align*}
                 \\[0.5cm]
Dimensions can be in units of em, ex, in, pt, pc,
cm, mm, dd, cc, nd, nc, bp, or sp; but yours is a new one!
I'll assume that you meant to say pt, for printer's points.
To recover gracefully from this error, it's best to
delete the erroneous units; e.g., type `2' to delete
two letters. (See Chapter 27 of The TeXbook.)

./src/notes.tex:53: Illegal unit of measure (pt inserted).
<to be read again> 
                   \relax 
l.53 \end{align*}
                 \\[0.5cm]
Dimensions can be in units of em, ex, in, pt, pc,
cm, mm, dd, cc, nd, nc, bp, or sp; but yours is a new one!
I'll assume that you meant to say pt, for printer's points.
To recover gracefully from this error, it's best to
delete the erroneous units; e.g., type `2' to delete
two letters. (See Chapter 27 of The TeXbook.)

./src/notes.tex:53: Illegal unit of measure (pt inserted).
<to be read again> 
                   \relax 
l.53 \end{align*}
                 \\[0.5cm]
Dimensions can be in units of em, ex, in, pt, pc,
cm, mm, dd, cc, nd, nc, bp, or sp; but yours is a new one!
I'll assume that you meant to say pt, for printer's points.
To recover gracefully from this error, it's best to
delete the erroneous units; e.g., type `2' to delete
two letters. (See Chapter 27 of The TeXbook.)

./src/notes.tex:53: Illegal unit of measure (pt inserted).
<to be read again> 
                   \relax 
l.53 \end{align*}
                 \\[0.5cm]
Dimensions can be in units of em, ex, in, pt, pc,
cm, mm, dd, cc, nd, nc, bp, or sp; but yours is a new one!
I'll assume that you meant to say pt, for printer's points.
To recover gracefully from this error, it's best to
delete the erroneous units; e.g., type `2' to delete
two letters. (See Chapter 27 of The TeXbook.)

./src/notes.tex:53: Illegal unit of measure (pt inserted).
<to be read again> 
                   \relax 
l.53 \end{align*}
                 \\[0.5cm]
Dimensions can be in units of em, ex, in, pt, pc,
cm, mm, dd, cc, nd, nc, bp, or sp; but yours is a new one!
I'll assume that you meant to say pt, for printer's points.
To recover gracefully from this error, it's best to
delete the erroneous units; e.g., type `2' to delete
two letters. (See Chapter 27 of The TeXbook.)


Underfull \hbox (badness 10000) in paragraph at lines 53--54

 []

./src/notes.tex:57: Missing $ inserted.
<inserted text> 
                $
l.57 Gates & \bra0
                   & \bra1 & \bra- & \bra+ \\[0.5ex] \hline
I've inserted a begin-math/end-math symbol since I think
you left one out. Proceed, with fingers crossed.

./src/notes.tex:57: Extra }, or forgotten $.
<template> \unskip \hfil }
                          \hskip \tabcolsep \endtemplate 
l.57 Gates & \bra0 &
                     \bra1 & \bra- & \bra+ \\[0.5ex] \hline
I've deleted a group-closing symbol because it seems to be
spurious, as in `$x}$'. But perhaps the } is legitimate and
you forgot something else, as in `\hbox{$x}'. In such cases
the way to recover is to insert both the forgotten and the
deleted material, e.g., by typing `I$}'.

./src/notes.tex:57: Missing $ inserted.
<inserted text> 
                $
l.57 Gates & \bra0 &
                     \bra1 & \bra- & \bra+ \\[0.5ex] \hline
I've inserted a begin-math/end-math symbol since I think
you left one out. Proceed, with fingers crossed.

./src/notes.tex:57: Missing } inserted.
<inserted text> 
                }
l.57 Gates & \bra0 &
                     \bra1 & \bra- & \bra+ \\[0.5ex] \hline
I've inserted something that you may have forgotten.
(See the <inserted text> above.)
With luck, this will get me unwedged. But if you
really didn't forget anything, try typing `2' now; then
my insertion and my current dilemma will both disappear.

./src/notes.tex:57: Missing $ inserted.
<inserted text> 
                $
l.57 Gates & \bra0 & \bra1
                           & \bra- & \bra+ \\[0.5ex] \hline
I've inserted a begin-math/end-math symbol since I think
you left one out. Proceed, with fingers crossed.

./src/notes.tex:57: Extra }, or forgotten $.
<template> \unskip \hfil }
                          \hskip \tabcolsep \endtemplate 
l.57 Gates & \bra0 & \bra1 &
                             \bra- & \bra+ \\[0.5ex] \hline
I've deleted a group-closing symbol because it seems to be
spurious, as in `$x}$'. But perhaps the } is legitimate and
you forgot something else, as in `\hbox{$x}'. In such cases
the way to recover is to insert both the forgotten and the
deleted material, e.g., by typing `I$}'.

./src/notes.tex:57: Missing $ inserted.
<inserted text> 
                $
l.57 Gates & \bra0 & \bra1 &
                             \bra- & \bra+ \\[0.5ex] \hline
I've inserted a begin-math/end-math symbol since I think
you left one out. Proceed, with fingers crossed.

./src/notes.tex:57: Missing } inserted.
<inserted text> 
                }
l.57 Gates & \bra0 & \bra1 &
                             \bra- & \bra+ \\[0.5ex] \hline
I've inserted something that you may have forgotten.
(See the <inserted text> above.)
With luck, this will get me unwedged. But if you
really didn't forget anything, try typing `2' now; then
my insertion and my current dilemma will both disappear.

./src/notes.tex:57: Missing $ inserted.
<inserted text> 
                $
l.57 Gates & \bra0 & \bra1 & \bra-
                                   & \bra+ \\[0.5ex] \hline
I've inserted a begin-math/end-math symbol since I think
you left one out. Proceed, with fingers crossed.

./src/notes.tex:57: Extra }, or forgotten $.
<template> \unskip \hfil }
                          \hskip \tabcolsep \endtemplate 
l.57 Gates & \bra0 & \bra1 & \bra- &
                                     \bra+ \\[0.5ex] \hline
I've deleted a group-closing symbol because it seems to be
spurious, as in `$x}$'. But perhaps the } is legitimate and
you forgot something else, as in `\hbox{$x}'. In such cases
the way to recover is to insert both the forgotten and the
deleted material, e.g., by typing `I$}'.

./src/notes.tex:57: Missing $ inserted.
<inserted text> 
                $
l.57 Gates & \bra0 & \bra1 & \bra- &
                                     \bra+ \\[0.5ex] \hline
I've inserted a begin-math/end-math symbol since I think
you left one out. Proceed, with fingers crossed.

./src/notes.tex:57: Missing } inserted.
<inserted text> 
                }
l.57 Gates & \bra0 & \bra1 & \bra- &
                                     \bra+ \\[0.5ex] \hline
I've inserted something that you may have forgotten.
(See the <inserted text> above.)
With luck, this will get me unwedged. But if you
really didn't forget anything, try typing `2' now; then
my insertion and my current dilemma will both disappear.

./src/notes.tex:57: Missing $ inserted.
<inserted text> 
                $
l.57 Gates & \bra0 & \bra1 & \bra- & \bra+
                                           \\[0.5ex] \hline
I've inserted a begin-math/end-math symbol since I think
you left one out. Proceed, with fingers crossed.

./src/notes.tex:57: Extra }, or forgotten $.
<template> \unskip \hfil }
                          \hskip \tabcolsep \endtemplate 
l.57 ... & \bra0 & \bra1 & \bra- & \bra+ \\[0.5ex]
                                                   \hline
I've deleted a group-closing symbol because it seems to be
spurious, as in `$x}$'. But perhaps the } is legitimate and
you forgot something else, as in `\hbox{$x}'. In such cases
the way to recover is to insert both the forgotten and the
deleted material, e.g., by typing `I$}'.

./src/notes.tex:57: Missing $ inserted.
<inserted text> 
                $
l.57 ... & \bra0 & \bra1 & \bra- & \bra+ \\[0.5ex]
                                                   \hline
I've inserted a begin-math/end-math symbol since I think
you left one out. Proceed, with fingers crossed.

./src/notes.tex:57: Missing } inserted.
<inserted text> 
                }
l.57 ... & \bra0 & \bra1 & \bra- & \bra+ \\[0.5ex]
                                                   \hline
I've inserted something that you may have forgotten.
(See the <inserted text> above.)
With luck, this will get me unwedged. But if you
really didn't forget anything, try typing `2' now; then
my insertion and my current dilemma will both disappear.

./src/notes.tex:58: Missing $ inserted.
<inserted text> 
                $
l.58 \sigma
           _x & \bra1 & \bra0 & -\bra- & \bra+ \\[0.5ex]
I've inserted a begin-math/end-math symbol since I think
you left one out. Proceed, with fingers crossed.

./src/notes.tex:58: Extra }, or forgotten $.
<template> \unskip \hfil }
                          \hskip \tabcolsep \hskip -.5\arrayrulewidth \vrule...
l.58 \sigma_x &
                \bra1 & \bra0 & -\bra- & \bra+ \\[0.5ex]
I've deleted a group-closing symbol because it seems to be
spurious, as in `$x}$'. But perhaps the } is legitimate and
you forgot something else, as in `\hbox{$x}'. In such cases
the way to recover is to insert both the forgotten and the
deleted material, e.g., by typing `I$}'.

./src/notes.tex:58: Missing $ inserted.
<inserted text> 
                $
l.58 \sigma_x &
                \bra1 & \bra0 & -\bra- & \bra+ \\[0.5ex]
I've inserted a begin-math/end-math symbol since I think
you left one out. Proceed, with fingers crossed.

./src/notes.tex:58: Missing } inserted.
<inserted text> 
                }
l.58 \sigma_x &
                \bra1 & \bra0 & -\bra- & \bra+ \\[0.5ex]
I've inserted something that you may have forgotten.
(See the <inserted text> above.)
With luck, this will get me unwedged. But if you
really didn't forget anything, try typing `2' now; then
my insertion and my current dilemma will both disappear.

./src/notes.tex:58: Missing $ inserted.
<inserted text> 
                $
l.58 \sigma_x & \bra1
                      & \bra0 & -\bra- & \bra+ \\[0.5ex]
I've inserted a begin-math/end-math symbol since I think
you left one out. Proceed, with fingers crossed.

./src/notes.tex:58: Extra }, or forgotten $.
<template> \unskip \hfil }
                          \hskip \tabcolsep \endtemplate 
l.58 \sigma_x & \bra1 &
                        \bra0 & -\bra- & \bra+ \\[0.5ex]
I've deleted a group-closing symbol because it seems to be
spurious, as in `$x}$'. But perhaps the } is legitimate and
you forgot something else, as in `\hbox{$x}'. In such cases
the way to recover is to insert both the forgotten and the
deleted material, e.g., by typing `I$}'.

./src/notes.tex:58: Missing $ inserted.
<inserted text> 
                $
l.58 \sigma_x & \bra1 &
                        \bra0 & -\bra- & \bra+ \\[0.5ex]
I've inserted a begin-math/end-math symbol since I think
you left one out. Proceed, with fingers crossed.

./src/notes.tex:58: Missing } inserted.
<inserted text> 
                }
l.58 \sigma_x & \bra1 &
                        \bra0 & -\bra- & \bra+ \\[0.5ex]
I've inserted something that you may have forgotten.
(See the <inserted text> above.)
With luck, this will get me unwedged. But if you
really didn't forget anything, try typing `2' now; then
my insertion and my current dilemma will both disappear.

./src/notes.tex:58: Missing $ inserted.
<inserted text> 
                $
l.58 \sigma_x & \bra1 & \bra0
                              & -\bra- & \bra+ \\[0.5ex]
I've inserted a begin-math/end-math symbol since I think
you left one out. Proceed, with fingers crossed.

./src/notes.tex:58: Extra }, or forgotten $.
<template> \unskip \hfil }
                          \hskip \tabcolsep \endtemplate 
l.58 \sigma_x & \bra1 & \bra0 &
                                -\bra- & \bra+ \\[0.5ex]
I've deleted a group-closing symbol because it seems to be
spurious, as in `$x}$'. But perhaps the } is legitimate and
you forgot something else, as in `\hbox{$x}'. In such cases
the way to recover is to insert both the forgotten and the
deleted material, e.g., by typing `I$}'.

./src/notes.tex:58: Missing $ inserted.
<inserted text> 
                $
l.58 \sigma_x & \bra1 & \bra0 &
                                -\bra- & \bra+ \\[0.5ex]
I've inserted a begin-math/end-math symbol since I think
you left one out. Proceed, with fingers crossed.

./src/notes.tex:58: Missing } inserted.
<inserted text> 
                }
l.58 \sigma_x & \bra1 & \bra0 &
                                -\bra- & \bra+ \\[0.5ex]
I've inserted something that you may have forgotten.
(See the <inserted text> above.)
With luck, this will get me unwedged. But if you
really didn't forget anything, try typing `2' now; then
my insertion and my current dilemma will both disappear.

./src/notes.tex:58: Missing $ inserted.
<inserted text> 
                $
l.58 \sigma_x & \bra1 & \bra0 & -\bra-
                                       & \bra+ \\[0.5ex]
I've inserted a begin-math/end-math symbol since I think
you left one out. Proceed, with fingers crossed.

./src/notes.tex:58: Extra }, or forgotten $.
<template> \unskip \hfil }
                          \hskip \tabcolsep \endtemplate 
l.58 \sigma_x & \bra1 & \bra0 & -\bra- &
                                         \bra+ \\[0.5ex]
I've deleted a group-closing symbol because it seems to be
spurious, as in `$x}$'. But perhaps the } is legitimate and
you forgot something else, as in `\hbox{$x}'. In such cases
the way to recover is to insert both the forgotten and the
deleted material, e.g., by typing `I$}'.

./src/notes.tex:58: Missing $ inserted.
<inserted text> 
                $
l.58 \sigma_x & \bra1 & \bra0 & -\bra- &
                                         \bra+ \\[0.5ex]
I've inserted a begin-math/end-math symbol since I think
you left one out. Proceed, with fingers crossed.

./src/notes.tex:58: Missing } inserted.
<inserted text> 
                }
l.58 \sigma_x & \bra1 & \bra0 & -\bra- &
                                         \bra+ \\[0.5ex]
I've inserted something that you may have forgotten.
(See the <inserted text> above.)
With luck, this will get me unwedged. But if you
really didn't forget anything, try typing `2' now; then
my insertion and my current dilemma will both disappear.

./src/notes.tex:58: Missing $ inserted.
<inserted text> 
                $
l.58 \sigma_x & \bra1 & \bra0 & -\bra- & \bra+
                                               \\[0.5ex]
I've inserted a begin-math/end-math symbol since I think
you left one out. Proceed, with fingers crossed.

./src/notes.tex:58: Extra }, or forgotten $.
<template> \unskip \hfil }
                          \hskip \tabcolsep \endtemplate 
l.58 ...& \bra1 & \bra0 & -\bra- & \bra+ \\[0.5ex]
                                                  
I've deleted a group-closing symbol because it seems to be
spurious, as in `$x}$'. But perhaps the } is legitimate and
you forgot something else, as in `\hbox{$x}'. In such cases
the way to recover is to insert both the forgotten and the
deleted material, e.g., by typing `I$}'.

./src/notes.tex:58: Missing $ inserted.
<inserted text> 
                $
l.58 ...& \bra1 & \bra0 & -\bra- & \bra+ \\[0.5ex]
                                                  
I've inserted a begin-math/end-math symbol since I think
you left one out. Proceed, with fingers crossed.

./src/notes.tex:58: Missing } inserted.
<inserted text> 
                }
l.58 ...& \bra1 & \bra0 & -\bra- & \bra+ \\[0.5ex]
                                                  
I've inserted something that you may have forgotten.
(See the <inserted text> above.)
With luck, this will get me unwedged. But if you
really didn't forget anything, try typing `2' now; then
my insertion and my current dilemma will both disappear.

./src/notes.tex:59: Missing $ inserted.
<inserted text> 
                $
l.59 \sigma
           _y & i\bra1 & -i\bra0 & i\bra+ & -i\bra- \\[0.5ex]
I've inserted a begin-math/end-math symbol since I think
you left one out. Proceed, with fingers crossed.

./src/notes.tex:59: Extra }, or forgotten $.
<template> \unskip \hfil }
                          \hskip \tabcolsep \hskip -.5\arrayrulewidth \vrule...
l.59 \sigma_y &
                i\bra1 & -i\bra0 & i\bra+ & -i\bra- \\[0.5ex]
I've deleted a group-closing symbol because it seems to be
spurious, as in `$x}$'. But perhaps the } is legitimate and
you forgot something else, as in `\hbox{$x}'. In such cases
the way to recover is to insert both the forgotten and the
deleted material, e.g., by typing `I$}'.

./src/notes.tex:59: Missing $ inserted.
<inserted text> 
                $
l.59 \sigma_y &
                i\bra1 & -i\bra0 & i\bra+ & -i\bra- \\[0.5ex]
I've inserted a begin-math/end-math symbol since I think
you left one out. Proceed, with fingers crossed.

./src/notes.tex:59: Missing } inserted.
<inserted text> 
                }
l.59 \sigma_y &
                i\bra1 & -i\bra0 & i\bra+ & -i\bra- \\[0.5ex]
I've inserted something that you may have forgotten.
(See the <inserted text> above.)
With luck, this will get me unwedged. But if you
really didn't forget anything, try typing `2' now; then
my insertion and my current dilemma will both disappear.

./src/notes.tex:59: Missing $ inserted.
<inserted text> 
                $
l.59 \sigma_y & i\bra1
                       & -i\bra0 & i\bra+ & -i\bra- \\[0.5ex]
I've inserted a begin-math/end-math symbol since I think
you left one out. Proceed, with fingers crossed.

./src/notes.tex:59: Extra }, or forgotten $.
<template> \unskip \hfil }
                          \hskip \tabcolsep \endtemplate 
l.59 \sigma_y & i\bra1 &
                         -i\bra0 & i\bra+ & -i\bra- \\[0.5ex]
I've deleted a group-closing symbol because it seems to be
spurious, as in `$x}$'. But perhaps the } is legitimate and
you forgot something else, as in `\hbox{$x}'. In such cases
the way to recover is to insert both the forgotten and the
deleted material, e.g., by typing `I$}'.

./src/notes.tex:59: Missing $ inserted.
<inserted text> 
                $
l.59 \sigma_y & i\bra1 &
                         -i\bra0 & i\bra+ & -i\bra- \\[0.5ex]
I've inserted a begin-math/end-math symbol since I think
you left one out. Proceed, with fingers crossed.

./src/notes.tex:59: Missing } inserted.
<inserted text> 
                }
l.59 \sigma_y & i\bra1 &
                         -i\bra0 & i\bra+ & -i\bra- \\[0.5ex]
I've inserted something that you may have forgotten.
(See the <inserted text> above.)
With luck, this will get me unwedged. But if you
really didn't forget anything, try typing `2' now; then
my insertion and my current dilemma will both disappear.

./src/notes.tex:59: Missing $ inserted.
<inserted text> 
                $
l.59 \sigma_y & i\bra1 & -i\bra0
                                 & i\bra+ & -i\bra- \\[0.5ex]
I've inserted a begin-math/end-math symbol since I think
you left one out. Proceed, with fingers crossed.

./src/notes.tex:59: Extra }, or forgotten $.
<template> \unskip \hfil }
                          \hskip \tabcolsep \endtemplate 
l.59 \sigma_y & i\bra1 & -i\bra0 &
                                   i\bra+ & -i\bra- \\[0.5ex]
I've deleted a group-closing symbol because it seems to be
spurious, as in `$x}$'. But perhaps the } is legitimate and
you forgot something else, as in `\hbox{$x}'. In such cases
the way to recover is to insert both the forgotten and the
deleted material, e.g., by typing `I$}'.

./src/notes.tex:59: Missing $ inserted.
<inserted text> 
                $
l.59 \sigma_y & i\bra1 & -i\bra0 &
                                   i\bra+ & -i\bra- \\[0.5ex]
I've inserted a begin-math/end-math symbol since I think
you left one out. Proceed, with fingers crossed.

./src/notes.tex:59: Missing } inserted.
<inserted text> 
                }
l.59 \sigma_y & i\bra1 & -i\bra0 &
                                   i\bra+ & -i\bra- \\[0.5ex]
I've inserted something that you may have forgotten.
(See the <inserted text> above.)
With luck, this will get me unwedged. But if you
really didn't forget anything, try typing `2' now; then
my insertion and my current dilemma will both disappear.

./src/notes.tex:59: Missing $ inserted.
<inserted text> 
                $
l.59 \sigma_y & i\bra1 & -i\bra0 & i\bra+
                                          & -i\bra- \\[0.5ex]
I've inserted a begin-math/end-math symbol since I think
you left one out. Proceed, with fingers crossed.

./src/notes.tex:59: Extra }, or forgotten $.
<template> \unskip \hfil }
                          \hskip \tabcolsep \endtemplate 
l.59 \sigma_y & i\bra1 & -i\bra0 & i\bra+ &
                                            -i\bra- \\[0.5ex]
I've deleted a group-closing symbol because it seems to be
spurious, as in `$x}$'. But perhaps the } is legitimate and
you forgot something else, as in `\hbox{$x}'. In such cases
the way to recover is to insert both the forgotten and the
deleted material, e.g., by typing `I$}'.

./src/notes.tex:59: Missing $ inserted.
<inserted text> 
                $
l.59 \sigma_y & i\bra1 & -i\bra0 & i\bra+ &
                                            -i\bra- \\[0.5ex]
I've inserted a begin-math/end-math symbol since I think
you left one out. Proceed, with fingers crossed.

./src/notes.tex:59: Missing } inserted.
<inserted text> 
                }
l.59 \sigma_y & i\bra1 & -i\bra0 & i\bra+ &
                                            -i\bra- \\[0.5ex]
I've inserted something that you may have forgotten.
(See the <inserted text> above.)
With luck, this will get me unwedged. But if you
really didn't forget anything, try typing `2' now; then
my insertion and my current dilemma will both disappear.

./src/notes.tex:59: Missing $ inserted.
<inserted text> 
                $
l.59 ...ma_y & i\bra1 & -i\bra0 & i\bra+ & -i\bra-
                                                   \\[0.5ex]
I've inserted a begin-math/end-math symbol since I think
you left one out. Proceed, with fingers crossed.

./src/notes.tex:59: Extra }, or forgotten $.
<template> \unskip \hfil }
                          \hskip \tabcolsep \endtemplate 
l.59 ...ra1 & -i\bra0 & i\bra+ & -i\bra- \\[0.5ex]
                                                  
I've deleted a group-closing symbol because it seems to be
spurious, as in `$x}$'. But perhaps the } is legitimate and
you forgot something else, as in `\hbox{$x}'. In such cases
the way to recover is to insert both the forgotten and the
deleted material, e.g., by typing `I$}'.

./src/notes.tex:59: Missing $ inserted.
<inserted text> 
                $
l.59 ...ra1 & -i\bra0 & i\bra+ & -i\bra- \\[0.5ex]
                                                  
I've inserted a begin-math/end-math symbol since I think
you left one out. Proceed, with fingers crossed.

./src/notes.tex:59: Missing } inserted.
<inserted text> 
                }
l.59 ...ra1 & -i\bra0 & i\bra+ & -i\bra- \\[0.5ex]
                                                  
I've inserted something that you may have forgotten.
(See the <inserted text> above.)
With luck, this will get me unwedged. But if you
really didn't forget anything, try typing `2' now; then
my insertion and my current dilemma will both disappear.

./src/notes.tex:60: Missing $ inserted.
<inserted text> 
                $
l.60 \sigma
           _z & \bra0 & -\bra1 & \bra+ & \bra- \\[0.5ex]
I've inserted a begin-math/end-math symbol since I think
you left one out. Proceed, with fingers crossed.

./src/notes.tex:60: Extra }, or forgotten $.
<template> \unskip \hfil }
                          \hskip \tabcolsep \hskip -.5\arrayrulewidth \vrule...
l.60 \sigma_z &
                \bra0 & -\bra1 & \bra+ & \bra- \\[0.5ex]
I've deleted a group-closing symbol because it seems to be
spurious, as in `$x}$'. But perhaps the } is legitimate and
you forgot something else, as in `\hbox{$x}'. In such cases
the way to recover is to insert both the forgotten and the
deleted material, e.g., by typing `I$}'.

./src/notes.tex:60: Missing $ inserted.
<inserted text> 
                $
l.60 \sigma_z &
                \bra0 & -\bra1 & \bra+ & \bra- \\[0.5ex]
I've inserted a begin-math/end-math symbol since I think
you left one out. Proceed, with fingers crossed.

./src/notes.tex:60: Missing } inserted.
<inserted text> 
                }
l.60 \sigma_z &
                \bra0 & -\bra1 & \bra+ & \bra- \\[0.5ex]
I've inserted something that you may have forgotten.
(See the <inserted text> above.)
With luck, this will get me unwedged. But if you
really didn't forget anything, try typing `2' now; then
my insertion and my current dilemma will both disappear.

./src/notes.tex:60: Missing $ inserted.
<inserted text> 
                $
l.60 \sigma_z & \bra0
                      & -\bra1 & \bra+ & \bra- \\[0.5ex]
I've inserted a begin-math/end-math symbol since I think
you left one out. Proceed, with fingers crossed.

./src/notes.tex:60: Extra }, or forgotten $.
<template> \unskip \hfil }
                          \hskip \tabcolsep \endtemplate 
l.60 \sigma_z & \bra0 &
                        -\bra1 & \bra+ & \bra- \\[0.5ex]
I've deleted a group-closing symbol because it seems to be
spurious, as in `$x}$'. But perhaps the } is legitimate and
you forgot something else, as in `\hbox{$x}'. In such cases
the way to recover is to insert both the forgotten and the
deleted material, e.g., by typing `I$}'.

./src/notes.tex:60: Missing $ inserted.
<inserted text> 
                $
l.60 \sigma_z & \bra0 &
                        -\bra1 & \bra+ & \bra- \\[0.5ex]
I've inserted a begin-math/end-math symbol since I think
you left one out. Proceed, with fingers crossed.

./src/notes.tex:60: Missing } inserted.
<inserted text> 
                }
l.60 \sigma_z & \bra0 &
                        -\bra1 & \bra+ & \bra- \\[0.5ex]
I've inserted something that you may have forgotten.
(See the <inserted text> above.)
With luck, this will get me unwedged. But if you
really didn't forget anything, try typing `2' now; then
my insertion and my current dilemma will both disappear.

./src/notes.tex:60: Missing $ inserted.
<inserted text> 
                $
l.60 \sigma_z & \bra0 & -\bra1
                               & \bra+ & \bra- \\[0.5ex]
I've inserted a begin-math/end-math symbol since I think
you left one out. Proceed, with fingers crossed.

./src/notes.tex:60: Extra }, or forgotten $.
<template> \unskip \hfil }
                          \hskip \tabcolsep \endtemplate 
l.60 \sigma_z & \bra0 & -\bra1 &
                                 \bra+ & \bra- \\[0.5ex]
I've deleted a group-closing symbol because it seems to be
spurious, as in `$x}$'. But perhaps the } is legitimate and
you forgot something else, as in `\hbox{$x}'. In such cases
the way to recover is to insert both the forgotten and the
deleted material, e.g., by typing `I$}'.

./src/notes.tex:60: Missing $ inserted.
<inserted text> 
                $
l.60 \sigma_z & \bra0 & -\bra1 &
                                 \bra+ & \bra- \\[0.5ex]
I've inserted a begin-math/end-math symbol since I think
you left one out. Proceed, with fingers crossed.

./src/notes.tex:60: Missing } inserted.
<inserted text> 
                }
l.60 \sigma_z & \bra0 & -\bra1 &
                                 \bra+ & \bra- \\[0.5ex]
I've inserted something that you may have forgotten.
(See the <inserted text> above.)
With luck, this will get me unwedged. But if you
really didn't forget anything, try typing `2' now; then
my insertion and my current dilemma will both disappear.

./src/notes.tex:60: Missing $ inserted.
<inserted text> 
                $
l.60 \sigma_z & \bra0 & -\bra1 & \bra+
                                       & \bra- \\[0.5ex]
I've inserted a begin-math/end-math symbol since I think
you left one out. Proceed, with fingers crossed.

./src/notes.tex:60: Extra }, or forgotten $.
<template> \unskip \hfil }
                          \hskip \tabcolsep \endtemplate 
l.60 \sigma_z & \bra0 & -\bra1 & \bra+ &
                                         \bra- \\[0.5ex]
I've deleted a group-closing symbol because it seems to be
spurious, as in `$x}$'. But perhaps the } is legitimate and
you forgot something else, as in `\hbox{$x}'. In such cases
the way to recover is to insert both the forgotten and the
deleted material, e.g., by typing `I$}'.

./src/notes.tex:60: Missing $ inserted.
<inserted text> 
                $
l.60 \sigma_z & \bra0 & -\bra1 & \bra+ &
                                         \bra- \\[0.5ex]
I've inserted a begin-math/end-math symbol since I think
you left one out. Proceed, with fingers crossed.

./src/notes.tex:60: Missing } inserted.
<inserted text> 
                }
l.60 \sigma_z & \bra0 & -\bra1 & \bra+ &
                                         \bra- \\[0.5ex]
I've inserted something that you may have forgotten.
(See the <inserted text> above.)
With luck, this will get me unwedged. But if you
really didn't forget anything, try typing `2' now; then
my insertion and my current dilemma will both disappear.

./src/notes.tex:60: Missing $ inserted.
<inserted text> 
                $
l.60 \sigma_z & \bra0 & -\bra1 & \bra+ & \bra-
                                               \\[0.5ex]
I've inserted a begin-math/end-math symbol since I think
you left one out. Proceed, with fingers crossed.

./src/notes.tex:60: Extra }, or forgotten $.
<template> \unskip \hfil }
                          \hskip \tabcolsep \endtemplate 
l.60 ...& \bra0 & -\bra1 & \bra+ & \bra- \\[0.5ex]
                                                  
I've deleted a group-closing symbol because it seems to be
spurious, as in `$x}$'. But perhaps the } is legitimate and
you forgot something else, as in `\hbox{$x}'. In such cases
the way to recover is to insert both the forgotten and the
deleted material, e.g., by typing `I$}'.

./src/notes.tex:60: Missing $ inserted.
<inserted text> 
                $
l.60 ...& \bra0 & -\bra1 & \bra+ & \bra- \\[0.5ex]
                                                  
I've inserted a begin-math/end-math symbol since I think
you left one out. Proceed, with fingers crossed.

./src/notes.tex:60: Missing } inserted.
<inserted text> 
                }
l.60 ...& \bra0 & -\bra1 & \bra+ & \bra- \\[0.5ex]
                                                  
I've inserted something that you may have forgotten.
(See the <inserted text> above.)
With luck, this will get me unwedged. But if you
really didn't forget anything, try typing `2' now; then
my insertion and my current dilemma will both disappear.

./src/notes.tex:61: Missing $ inserted.
<inserted text> 
                $
l.61 H & \bra+
               & \bra- & \bra1 & \bra0
I've inserted a begin-math/end-math symbol since I think
you left one out. Proceed, with fingers crossed.

./src/notes.tex:61: Extra }, or forgotten $.
<template> \unskip \hfil }
                          \hskip \tabcolsep \endtemplate 
l.61 H & \bra+ &
                 \bra- & \bra1 & \bra0
I've deleted a group-closing symbol because it seems to be
spurious, as in `$x}$'. But perhaps the } is legitimate and
you forgot something else, as in `\hbox{$x}'. In such cases
the way to recover is to insert both the forgotten and the
deleted material, e.g., by typing `I$}'.

./src/notes.tex:61: Missing $ inserted.
<inserted text> 
                $
l.61 H & \bra+ &
                 \bra- & \bra1 & \bra0
I've inserted a begin-math/end-math symbol since I think
you left one out. Proceed, with fingers crossed.

./src/notes.tex:61: Missing } inserted.
<inserted text> 
                }
l.61 H & \bra+ &
                 \bra- & \bra1 & \bra0
I've inserted something that you may have forgotten.
(See the <inserted text> above.)
With luck, this will get me unwedged. But if you
really didn't forget anything, try typing `2' now; then
my insertion and my current dilemma will both disappear.

./src/notes.tex:61: Missing $ inserted.
<inserted text> 
                $
l.61 H & \bra+ & \bra-
                       & \bra1 & \bra0
I've inserted a begin-math/end-math symbol since I think
you left one out. Proceed, with fingers crossed.

./src/notes.tex:61: Extra }, or forgotten $.
<template> \unskip \hfil }
                          \hskip \tabcolsep \endtemplate 
l.61 H & \bra+ & \bra- &
                         \bra1 & \bra0
I've deleted a group-closing symbol because it seems to be
spurious, as in `$x}$'. But perhaps the } is legitimate and
you forgot something else, as in `\hbox{$x}'. In such cases
the way to recover is to insert both the forgotten and the
deleted material, e.g., by typing `I$}'.

./src/notes.tex:61: Missing $ inserted.
<inserted text> 
                $
l.61 H & \bra+ & \bra- &
                         \bra1 & \bra0
I've inserted a begin-math/end-math symbol since I think
you left one out. Proceed, with fingers crossed.

./src/notes.tex:61: Missing } inserted.
<inserted text> 
                }
l.61 H & \bra+ & \bra- &
                         \bra1 & \bra0
I've inserted something that you may have forgotten.
(See the <inserted text> above.)
With luck, this will get me unwedged. But if you
really didn't forget anything, try typing `2' now; then
my insertion and my current dilemma will both disappear.

./src/notes.tex:61: Missing $ inserted.
<inserted text> 
                $
l.61 H & \bra+ & \bra- & \bra1
                               & \bra0
I've inserted a begin-math/end-math symbol since I think
you left one out. Proceed, with fingers crossed.

./src/notes.tex:61: Extra }, or forgotten $.
<template> \unskip \hfil }
                          \hskip \tabcolsep \endtemplate 
l.61 H & \bra+ & \bra- & \bra1 &
                                 \bra0
I've deleted a group-closing symbol because it seems to be
spurious, as in `$x}$'. But perhaps the } is legitimate and
you forgot something else, as in `\hbox{$x}'. In such cases
the way to recover is to insert both the forgotten and the
deleted material, e.g., by typing `I$}'.

./src/notes.tex:61: Missing $ inserted.
<inserted text> 
                $
l.61 H & \bra+ & \bra- & \bra1 &
                                 \bra0
I've inserted a begin-math/end-math symbol since I think
you left one out. Proceed, with fingers crossed.

./src/notes.tex:61: Missing } inserted.
<inserted text> 
                }
l.61 H & \bra+ & \bra- & \bra1 &
                                 \bra0
I've inserted something that you may have forgotten.
(See the <inserted text> above.)
With luck, this will get me unwedged. But if you
really didn't forget anything, try typing `2' now; then
my insertion and my current dilemma will both disappear.

./src/notes.tex:61: Missing $ inserted.
<inserted text> 
                $
l.61 H & \bra+ & \bra- & \bra1 & \bra0
                                      
I've inserted a begin-math/end-math symbol since I think
you left one out. Proceed, with fingers crossed.

./src/notes.tex:62: Extra }, or forgotten $.
<template> \unskip \hfil }
                          \hskip \tabcolsep \endtemplate 
l.62 \end{tabular}
                  
I've deleted a group-closing symbol because it seems to be
spurious, as in `$x}$'. But perhaps the } is legitimate and
you forgot something else, as in `\hbox{$x}'. In such cases
the way to recover is to insert both the forgotten and the
deleted material, e.g., by typing `I$}'.

./src/notes.tex:62: Missing $ inserted.
<inserted text> 
                $
l.62 \end{tabular}
                  
I've inserted a begin-math/end-math symbol since I think
you left one out. Proceed, with fingers crossed.

./src/notes.tex:62: Missing } inserted.
<inserted text> 
                }
l.62 \end{tabular}
                  
I've inserted something that you may have forgotten.
(See the <inserted text> above.)
With luck, this will get me unwedged. But if you
really didn't forget anything, try typing `2' now; then
my insertion and my current dilemma will both disappear.

./src/notes.tex:72: Illegal unit of measure (pt inserted).
<to be read again> 
                   \relax 
l.72 \end{align*}
                 
Dimensions can be in units of em, ex, in, pt, pc,
cm, mm, dd, cc, nd, nc, bp, or sp; but yours is a new one!
I'll assume that you meant to say pt, for printer's points.
To recover gracefully from this error, it's best to
delete the erroneous units; e.g., type `2' to delete
two letters. (See Chapter 27 of The TeXbook.)

./src/notes.tex:72: Illegal unit of measure (pt inserted).
<to be read again> 
                   \relax 
l.72 \end{align*}
                 
Dimensions can be in units of em, ex, in, pt, pc,
cm, mm, dd, cc, nd, nc, bp, or sp; but yours is a new one!
I'll assume that you meant to say pt, for printer's points.
To recover gracefully from this error, it's best to
delete the erroneous units; e.g., type `2' to delete
two letters. (See Chapter 27 of The TeXbook.)

./src/notes.tex:72: Illegal unit of measure (pt inserted).
<to be read again> 
                   \relax 
l.72 \end{align*}
                 
Dimensions can be in units of em, ex, in, pt, pc,
cm, mm, dd, cc, nd, nc, bp, or sp; but yours is a new one!
I'll assume that you meant to say pt, for printer's points.
To recover gracefully from this error, it's best to
delete the erroneous units; e.g., type `2' to delete
two letters. (See Chapter 27 of The TeXbook.)

./src/notes.tex:72: Illegal unit of measure (pt inserted).
<to be read again> 
                   \relax 
l.72 \end{align*}
                 
Dimensions can be in units of em, ex, in, pt, pc,
cm, mm, dd, cc, nd, nc, bp, or sp; but yours is a new one!
I'll assume that you meant to say pt, for printer's points.
To recover gracefully from this error, it's best to
delete the erroneous units; e.g., type `2' to delete
two letters. (See Chapter 27 of The TeXbook.)

./src/notes.tex:72: Illegal unit of measure (pt inserted).
<to be read again> 
                   \relax 
l.72 \end{align*}
                 
Dimensions can be in units of em, ex, in, pt, pc,
cm, mm, dd, cc, nd, nc, bp, or sp; but yours is a new one!
I'll assume that you meant to say pt, for printer's points.
To recover gracefully from this error, it's best to
delete the erroneous units; e.g., type `2' to delete
two letters. (See Chapter 27 of The TeXbook.)

./src/notes.tex:72: Illegal unit of measure (pt inserted).
<to be read again> 
                   \relax 
l.72 \end{align*}
                 
Dimensions can be in units of em, ex, in, pt, pc,
cm, mm, dd, cc, nd, nc, bp, or sp; but yours is a new one!
I'll assume that you meant to say pt, for printer's points.
To recover gracefully from this error, it's best to
delete the erroneous units; e.g., type `2' to delete
two letters. (See Chapter 27 of The TeXbook.)

./src/notes.tex:72: Illegal unit of measure (pt inserted).
<to be read again> 
                   \relax 
l.72 \end{align*}
                 
Dimensions can be in units of em, ex, in, pt, pc,
cm, mm, dd, cc, nd, nc, bp, or sp; but yours is a new one!
I'll assume that you meant to say pt, for printer's points.
To recover gracefully from this error, it's best to
delete the erroneous units; e.g., type `2' to delete
two letters. (See Chapter 27 of The TeXbook.)

./src/notes.tex:72: Illegal unit of measure (pt inserted).
<to be read again> 
                   \relax 
l.72 \end{align*}
                 
Dimensions can be in units of em, ex, in, pt, pc,
cm, mm, dd, cc, nd, nc, bp, or sp; but yours is a new one!
I'll assume that you meant to say pt, for printer's points.
To recover gracefully from this error, it's best to
delete the erroneous units; e.g., type `2' to delete
two letters. (See Chapter 27 of The TeXbook.)

./src/notes.tex:82: Missing } inserted.
<inserted text> 
                }
l.82 }
      \\[0.5cm]
I've put in what seems to be necessary to fix
the current column of the current alignment.
Try to go on, since this might almost work.

./src/notes.tex:82: Illegal unit of measure (pt inserted).
<to be read again> 
                   \relax 
l.82 }
      \\[0.5cm]
Dimensions can be in units of em, ex, in, pt, pc,
cm, mm, dd, cc, nd, nc, bp, or sp; but yours is a new one!
I'll assume that you meant to say pt, for printer's points.
To recover gracefully from this error, it's best to
delete the erroneous units; e.g., type `2' to delete
two letters. (See Chapter 27 of The TeXbook.)

./src/notes.tex:82: Illegal unit of measure (pt inserted).
<to be read again> 
                   \relax 
l.82 }
      \\[0.5cm]
Dimensions can be in units of em, ex, in, pt, pc,
cm, mm, dd, cc, nd, nc, bp, or sp; but yours is a new one!
I'll assume that you meant to say pt, for printer's points.
To recover gracefully from this error, it's best to
delete the erroneous units; e.g., type `2' to delete
two letters. (See Chapter 27 of The TeXbook.)

./src/notes.tex:82: Illegal unit of measure (pt inserted).
<to be read again> 
                   \relax 
l.82 }
      \\[0.5cm]
Dimensions can be in units of em, ex, in, pt, pc,
cm, mm, dd, cc, nd, nc, bp, or sp; but yours is a new one!
I'll assume that you meant to say pt, for printer's points.
To recover gracefully from this error, it's best to
delete the erroneous units; e.g., type `2' to delete
two letters. (See Chapter 27 of The TeXbook.)

./src/notes.tex:82: Illegal unit of measure (pt inserted).
<to be read again> 
                   \relax 
l.82 }
      \\[0.5cm]
Dimensions can be in units of em, ex, in, pt, pc,
cm, mm, dd, cc, nd, nc, bp, or sp; but yours is a new one!
I'll assume that you meant to say pt, for printer's points.
To recover gracefully from this error, it's best to
delete the erroneous units; e.g., type `2' to delete
two letters. (See Chapter 27 of The TeXbook.)

./src/notes.tex:82: Missing { inserted.
<inserted text> 
                {
l.82 }
      \\[0.5cm]
I've put in what seems to be necessary to fix
the current column of the current alignment.
Try to go on, since this might almost work.


Underfull \hbox (badness 10000) in paragraph at lines 82--83

 []

[1

{/var/lib/texmf/fonts/map/pdftex/updmap/pdftex.map}] (compiled/notes.aux) ) 
Here is how much of TeX's memory you used:
 15420 strings out of 481239
 321578 string characters out of 5920376
 551549 words of memory out of 5000000
 30396 multiletter control sequences out of 15000+600000
 536354 words of font info for 38 fonts, out of 8000000 for 9000
 1141 hyphenation exceptions out of 8191
 68i,14n,71p,442b,939s stack positions out of 5000i,500n,10000p,200000b,80000s
</us
r/share/texlive/texmf-dist/fonts/type1/public/amsfonts/cm/cmbx12.pfb></usr/shar
e/texlive/texmf-dist/fonts/type1/public/amsfonts/cm/cmex10.pfb></usr/share/texl
ive/texmf-dist/fonts/type1/public/amsfonts/cm/cmmi12.pfb></usr/share/texlive/te
xmf-dist/fonts/type1/public/amsfonts/cm/cmmi8.pfb></usr/share/texlive/texmf-dis
t/fonts/type1/public/amsfonts/cm/cmr12.pfb></usr/share/texlive/texmf-dist/fonts
/type1/public/amsfonts/cm/cmr8.pfb></usr/share/texlive/texmf-dist/fonts/type1/p
ublic/amsfonts/cm/cmsy10.pfb></usr/share/texlive/texmf-dist/fonts/type1/public/
amsfonts/cm/cmsy8.pfb>
Output written on compiled/notes.pdf (1 page, 71971 bytes).
PDF statistics:
 43 PDF objects out of 1000 (max. 8388607)
 31 compressed objects within 1 object stream
 0 named destinations out of 1000 (max. 500000)
 13 words of extra memory for PDF output out of 10000 (max. 10000000)

